80555267,0.07401159983945121
58689994,0.031469753003670595
09325181,0.02224907676977792
45122861,0.01694906700209319
98150917,0.016827296732174066
44627071,0.016563720108648945
02594308,0.014770065287023751
03221250,0.012617053709731377
76231433,0.011553826238055198
38795447,0.010654865743380013
69188185,0.009647148355380289
24973627,0.009503959989740353
59878097,0.0070575712780782405
61350845,0.006586592051054644
54485062,0.006178069089465567
82687742,0.005128273911618449
52373733,0.005091777707930805
27535826,0.0042570789973496986
94335042,0.0037801805670685776
23824108,0.0036814429918886208
77795763,0.003600754721987801
31044686,0.003105092866367101
47914064,0.003004007731185798
42621818,0.00283810179596673
92526266,0.0028115006638950533
94916406,0.002677575652314085
93028276,0.0025883345594449746
52697289,0.0022976780434458373
76410230,0.002283589905175883
05542114,0.0022703061519175876
30333670,0.0021732258981937507
07373219,0.0021184006504281557
09274118,0.002049468004705004
28563363,0.0020055248148158063
28728034,0.0020054667603969147
66809324,0.0019036845960523695
55026084,0.001878214747691117
41693013,0.0018097500111107574
17449671,0.001731652009513084
33914484,0.0016902759005027663
34653947,0.0016785838009247692
19134896,0.0016554275316213837
38344350,0.0016399763677616627
45815634,0.0016381242598896525
24323067,0.0016235948862092574
82475007,0.0016229770524075829
80498939,0.0016125916075940003
89245864,0.0015766647488347748
29375552,0.0015754587828366886
84587032,0.001554943654086309
19645726,0.001536515157698537
67591272,0.0015188919769326345
06591983,0.0014994221103726351
24060415,0.0014692977514878566
49048202,0.0014544051392829914
03058917,0.0013991056529000674
61007903,0.0013863645219013333
50784236,0.0013720283835603198
75348855,0.0013614979168173594
20957207,0.0013532812567131644
91999952,0.0013432954134496038
06227683,0.0013424398728827754
13373528,0.001334893901069247
15108281,0.0013271493985766041
11650811,0.0013248312946182537
78719967,0.0013216809465938894
06919945,0.0013107950984773999
61988212,0.0013081670922043312
23967573,0.0012959679589068555
94901527,0.0012911192645199043
38847431,0.0012847832503732346
96949508,0.0012827116884788481
93296485,0.0012721219614619157
36409771,0.0012623885398302232
94006288,0.0012591416737020686
52652934,0.0012571095865012891
56533510,0.001245010306275882
37838003,0.0012407501142265224
42770687,0.0012388291853525307
83884372,0.0012211197331804511
03080602,0.0012135180119195723
58967663,0.001211375930746955
53313037,0.0012052104118869188
30761410,0.0012029793520398355
28414534,0.001201064479031665
67856153,0.0011927773778625155
99542026,0.0011881266820541986
20208171,0.0011782049118504946
55764018,0.0011639115041727468
29802113,0.0011552406094715055
57931882,0.001151494229595973
01515726,0.0011403702097841821
27820148,0.0011398691826383768
04764554,0.0011237410576681814
19962408,0.0011177761480510536
58270100,0.0011137817604450278
69818227,0.0011015154492163028
36500669,0.0010902539081789515
34567028,0.0010764217724797771
30712893,0.0010721233734427356
40194135,0.0010690525283581494
74763284,0.001057061153357825
24079199,0.001048044763051307
54008183,0.0010402602219874743
44275165,0.0010397943112551503
43605512,0.0010203390069865325
12419892,0.0009905893698111722
41063085,0.0009838734521060253
51132026,0.0009793213806701133
79351098,0.0009437649188738423
45993263,0.0009371369934498533
93353023,0.0009282696847471341
72671805,0.000927502790997837
11293741,0.0009268672810398544
09618794,0.0009215331344364765
10586779,0.0009072889238273368
18008813,0.0008977390259721709
65309483,0.0008932418507530376
24186775,0.0008885960480580393
37748255,0.0008839106994610001
64905118,0.0008838902046802847
60304548,0.0008824709822530807
69265621,0.0008811960960036496
53208899,0.0008765964089696829
79676127,0.0008761376910814575
63707960,0.0008750343794388981
80604445,0.0008744723190442337
99539472,0.0008695418758405803
77706012,0.0008607390346001018
43914903,0.0008450470858347329
29340973,0.0008432892365022558
19180611,0.0008420484185034009
71754339,0.0008348106529715959
11884948,0.0008347539381914466
48604782,0.0008290128349159372
77147301,0.0008082757204875315
34118074,0.0008040464525541783
27996235,0.0007909587630646528
53649508,0.0007865271290197711
47135827,0.0007857891724812671
40571602,0.0007847232698240903
09017708,0.0007832840653671986
09006025,0.0007810119809682216
48584398,0.0007802580550908016
07108841,0.0007753304028160267
53381550,0.0007690299034918552
07112697,0.000767304066551534
32536009,0.0007640517307184094
93196492,0.0007565434857450747
41731284,0.0007540403986868287
72940899,0.0007522819732723652
31034215,0.0007485992737483548
50202645,0.0007471054981751643
37301861,0.0007437484568192809
23105251,0.0007388686892966068
81812678,0.0007366282493475715
81407129,0.0007361242499378981
24715607,0.000725595213213587
40033527,0.0007245073409862334
47751534,0.0007156230860622997
00793566,0.0007087914655585555
94086832,0.0007082611184671303
13985064,0.0006988274408489164
75312036,0.0006966181615258716
31023831,0.0006961001104472848
75033613,0.0006924863226381677
99995325,0.0006922710650364076
72602405,0.0006911265202193206
33180283,0.0006903335276505602
73701627,0.0006876876422751647
57122302,0.00068559759635491
07264196,0.0006805137180149928
22154436,0.0006797370970925128
89923784,0.0006797335610285656
44327169,0.0006768325580503529
96376818,0.0006657760580994177
49210087,0.000661957782441001
71855275,0.0006585651754999734
81937251,0.0006583301861704888
55545690,0.0006546877655114309
19847488,0.0006530814964322664
30255549,0.0006496924900281395
41215826,0.0006466826583432998
99317785,0.0006441306402347163
03892409,0.0006439061689598981
78086577,0.0006406339359723726
00488973,0.0006403379505340475
42042693,0.0006394612088190582
31973772,0.0006359807682606528
61651023,0.0006353318698586483
09154955,0.0006342230201583309
16448189,0.0006324504778300772
96422111,0.0006324287625958107
32312844,0.0006322010039609182
55148123,0.0006307217765357374
35570182,0.0006300693489969327
45865887,0.000629936928465296
75171311,0.0006283628401986984
73202218,0.0006239883692332948
61708763,0.0006214232136453615
38523363,0.0006210093983556145
19137650,0.0006173599225069409
47658166,0.000614987953955014
23967921,0.0006139575808411293
05835795,0.0006112042798971996
38819227,0.0006105326599805904
06726982,0.0006104929004104189
28632845,0.0006100148776844464
43143831,0.0006092005696647241
19443314,0.000608687369876414
75356105,0.0006085435654843523
58255416,0.0006083389233063033
69823063,0.0006080153525112226
78848026,0.0006061364367095204
26177630,0.0006048740947235809
20464425,0.0006045556552720917
58872384,0.0006037331280888842
44318117,0.0006023320377695234
24392857,0.0006020271481732971
45548246,0.0005993466921306421
73334553,0.0005974458009007781
68215609,0.0005964498741260577
54312374,0.0005951088762043712
12940114,0.0005937280190082606
69867440,0.0005922682031445663
48422642,0.0005909435737455443
97893632,0.000590189197486797
04345654,0.0005880796662429202
39724773,0.0005859937833528564
04884776,0.0005859811124854428
68444370,0.0005832022817793365
71188559,0.0005830430810983173
17157992,0.0005805416513044862
96392875,0.0005792872168710045
69355658,0.0005776777293459241
56547755,0.0005767063495734311
15354017,0.0005752184745792117
88241943,0.0005735126782877158
41479472,0.0005724947927401775
84666223,0.0005720461574441003
21428696,0.0005717868513781354
52263247,0.0005712151365457768
32280834,0.0005704549290980326
61382774,0.0005700128654816125
08416174,0.0005695077497615234
15014640,0.000569255401213064
31803408,0.0005689818590178345
77510100,0.0005689168805096404
97141156,0.0005671443263456821
05675402,0.0005670049976357562
42694858,0.0005666442306310805
52290135,0.0005656888188995243
20465457,0.0005654346095567368
59098459,0.0005652734905189959
07065868,0.0005631204613014153
98128063,0.0005620577507946003
07085160,0.0005614008978848193
52564214,0.0005602933699044683
09578121,0.0005568230400103392
77961033,0.0005565277071220864
35500137,0.0005560041499459789
49031224,0.0005535956917193609
82029731,0.0005533754319946687
88732498,0.0005529188740824003
98911586,0.0005521145167155374
11879229,0.0005518335165665245
08786608,0.0005506377528744028
41534047,0.000549967740777229
54703886,0.0005495331986988148
19211526,0.0005486367836901137
75832107,0.0005484132066609151
71571158,0.0005483745851586037
81447574,0.0005456551213232611
53872496,0.0005438552717918424
71012236,0.0005429989808778738
13728681,0.0005423997250596255
17587386,0.000541170612572746
92755301,0.0005387961679068478
68567913,0.0005387666356952936
54752663,0.0005373636804484641
01920986,0.0005371406874478874
61451542,0.000536937910771807
62525761,0.0005362302968626035
55627922,0.0005357423851111656
64793402,0.0005351377030839356
22024975,0.0005347711444207632
54574693,0.0005327062859925352
26944165,0.000532586166124571
60935979,0.000532586166124571
92574409,0.000532586166124571
71381709,0.000532586166124571
31014646,0.0005320969418404359
62636310,0.0005314637337318571
27787337,0.0005283266507194612
49128320,0.0005254240121106319
12020361,0.0005250608565138027
70868257,0.0005195899835890385
62822367,0.0005176146301258959
28917202,0.0005156470183674197
33122465,0.0005151844546285967
56021615,0.0005128893381082482
05875477,0.0005107196171956538
65115203,0.0005076594382147888
82927625,0.0005052922291098538
17193832,0.0005027330566530595
43661498,0.0004965477636942682
19431906,0.0004963408762454943
29910427,0.0004920857445548832
05030449,0.0004909175874950783
59645176,0.0004894791130959241
60800491,0.0004893507206976541
45152767,0.0004867490357676564
89486793,0.00048271125368850015
86847954,0.0004822123952114974
39858334,0.0004817624203868506
71355575,0.0004801027876014987
59884403,0.000479820078262793
70373518,0.00047969821330699563
86840024,0.0004791042798054024
75180444,0.00047856168233666836
61318776,0.000477879869083993
30864071,0.000472386849358531
92324685,0.000472273883259666
67964852,0.0004715681145736251
03948101,0.00046746636494946685
14522744,0.00046680771362179487
39286522,0.0004650178784068289
84407051,0.00046456852530134577
42877825,0.00046435959431849255
98581453,0.00046253157264211674
22843776,0.0004609769087782642
61564674,0.00046061443446646793
82204267,0.0004596927602470059
30206535,0.0004593300786191887
67070638,0.00045928693523757537
64791017,0.0004590161562850769
23680886,0.00045838689729820576
92050678,0.00045602048623511837
19278411,0.00045439183175160407
22377690,0.00045398271871237837
96284644,0.00045281994507870044
38347727,0.00045112717058598854
15908433,0.00045112665220720745
84368555,0.00044839728447684313
21057823,0.00044407314282623816
44984882,0.0004430954171953549
69229159,0.00044210500866250966
91908288,0.000440832234840856
00354708,0.000439956852170415
60599758,0.00043964179235862473
19728960,0.00043940610551447697
76288650,0.0004388900566155646
95189514,0.00043818326706699447
74800181,0.00043811189143742847
28540378,0.00043704447335544624
76620955,0.0004369254448467686
98476871,0.00043630474326509453
59671777,0.00043472248667081727
25771411,0.0004338633534500656
26793371,0.00043253147291873943
84438929,0.0004321854788019852
46617237,0.0004302002803126127
11563222,0.00042892158278975403
06886209,0.00042756880973737613
14076385,0.00042657395167095425
85650385,0.0004263931841805888
16326288,0.00042482481923850947
71230006,0.0004236230249332201
24968295,0.0004234535105117559
81618010,0.000423101604421947
09089414,0.0004229180032091104
25349357,0.0004225573760339881
51635669,0.00042251024430055544
74003339,0.0004210187571055276
52522564,0.0004187928441048837
10615364,0.00041708511295149373
78509635,0.0004150076561240546
54184552,0.00041374423762281006
03166848,0.00041342474287959553
90494176,0.00041332964550535765
95083136,0.00041318120755332835
08840935,0.0004111868713468599
18908584,0.00041098756831589123
68114471,0.00041047053055066375
71218129,0.00040906110743918077
74857314,0.0004086371241759651
19107010,0.00040863519834667336
03972001,0.0004081417236559196
21331026,0.0004030369272044579
78212181,0.00040291531350230235
18910748,0.00040249424479545115
17418273,0.0004024610361935781
56088810,0.00040080873850737884
09432660,0.0004003344271004647
57012241,0.0003976351329881661
15271167,0.00039727174977871474
44836213,0.0003971087285017771
29702293,0.00039704165786690396
43083061,0.00039514430915562086
39628390,0.00039326101091479717
46141674,0.0003931383098900188
59633171,0.0003929957543685579
00101420,0.00039291943859789773
87019436,0.000392399498532409
92156060,0.00039113003495048375
39173280,0.0003904031937265671
39256028,0.00038915350978471677
69881658,0.00038888972288844356
93734834,0.0003886522708026857
21377389,0.00038782716107412505
60075683,0.00038774483468363913
54501896,0.00038714191154482207
72769256,0.0003862620580891362
94966773,0.0003846874276103795
06199392,0.00038465161584207586
11449772,0.0003841189135718742
99344310,0.0003830235553624508
16803035,0.0003829783217268579
14358549,0.00038171245492474163
38321791,0.00038142855057347186
72983788,0.00038084220849708944
24377853,0.0003798466384032648
60214301,0.00037935299929942
13027552,0.0003793027600545904
61084015,0.00037908635487624476
53112902,0.000378109543194638
75027522,0.00037802851057581284
61040137,0.0003778689193053527
93587825,0.0003777249438226074
26174998,0.00037725132979564435
53111926,0.0003771647383478291
65344246,0.00037697937741880167
90416712,0.0003748711935746904
69975346,0.0003748424246457708
99534695,0.00037452315752330395
20428142,0.00037412052659973683
67229951,0.0003713888302043774
60406018,0.0003713888302043774
66516979,0.0003713888302043774
97366522,0.00037093821936620014
32425680,0.0003696635679777398
38298167,0.00036961559429914224
69134691,0.00036953052312239075
56326657,0.0003682060997397238
38227654,0.0003679591746194576
57289365,0.0003677715998721445
94503189,0.0003676696388975546
01597567,0.00036755166836280404
92984855,0.00036669171215878403
61105955,0.0003665645601374903
59771844,0.0003651671853679016
16862642,0.0003650079064630437
80554393,0.00036398468032927927
04205781,0.0003633564931450474
34893730,0.0003625556980791128
42638956,0.0003624623449393449
27464427,0.00036015715875918283
51469774,0.0003595025764721462
40727112,0.0003579753054036331
75135300,0.00035780001902217275
71747371,0.0003575408546839437
03501259,0.0003569913097194408
84942635,0.00035626389413935696
21679177,0.0003558602703829752
99660511,0.0003558594010344429
86127897,0.00035415151733335024
54527604,0.0003524490919641995
74873102,0.00035242849994837535
05311230,0.0003520658005919518
84125294,0.00035162011046536393
10568935,0.0003515771258091278
23873812,0.0003515266082383684
10817251,0.00035039530480306406
91655930,0.00034977019857664645
79766117,0.0003496210397504793
50629290,0.00034859839700075626
39162665,0.00034845186793927595
13181835,0.00034769127678421405
27147832,0.00034754389063498695
65531660,0.0003470971511920362
34609029,0.00034696130633329414
95141965,0.0003468618762708785
95422562,0.0003456363949600538
17997946,0.0003450178046324066
76687617,0.0003442901212825026
07663712,0.0003441002942790024
07114310,0.00034404190482568953
99977905,0.000343973415338507
25233508,0.0003435686683536315
75158281,0.00034302002899019596
37074217,0.0003427195933698496
08469448,0.0003419036377264311
15711831,0.00034181341488468905
63038026,0.0003414706919386038
35729704,0.00034142395016905215
15620670,0.0003411414538170862
46542830,0.00034044788587089
84180137,0.0003396779413523548
67281677,0.00033915006925265806
01209656,0.0003388693839042286
28730570,0.0003388242154047661
79934911,0.0003383517999922382
97198945,0.00033783500434305985
69441713,0.00033736099449190894
82936929,0.00033671750502419547
93237979,0.0003361109779294642
76459839,0.0003360992185983628
19701918,0.00033490116525781283
41912340,0.0003341058980820469
88431239,0.0003340626591245838
11273645,0.0003340461687674916
00451042,0.00033358735410277997
56612361,0.0003329922977624571
82917387,0.0003318398869490344
97898664,0.00033148000888792825
57689230,0.000331159460592954
52246042,0.00033040157676356694
66876386,0.0003302468264772874
15997213,0.0003294841102925272
98789726,0.000329026243810179
64109384,0.0003290060157288922
08447117,0.000328505172653459
07683522,0.00032824745644633986
23504820,0.0003279827769232227
80024031,0.0003277191019025992
04378949,0.0003272460358889755
54548808,0.00032692636606832036
84036822,0.00032658014852407166
43468339,0.00032644022839262675
00581737,0.0003258193485178913
48884336,0.00032481508038641356
54669006,0.00032443246643502953
92751295,0.0003240774319358101
19590378,0.0003230991414650857
61240690,0.00032293715997113793
16623100,0.00032284193514342367
93122409,0.0003216715300531595
35272870,0.00032096889447069015
26072982,0.0003206520055012524
12846068,0.0003200278720932987
29021244,0.0003191123914089624
84399180,0.00031910768931717247
05993013,0.00031881346462251476
18240440,0.0003187759937014773
51804678,0.00031845168624422874
67230460,0.00031756707988379515
00901533,0.00031736299438843657
71291045,0.00031691647989445543
01741048,0.000315868045886991
55209193,0.0003158652819703785
25865626,0.00031561670144753613
10351358,0.00031542555584317675
19388767,0.00031416060466724657
71331009,0.00031287912056783974
24165074,0.00031242638162333014
87280222,0.00031224814041497
65386995,0.000311850532722796
36678433,0.00031137923624136087
20454998,0.00031115197904557396
31994661,0.00031106843866961166
67649468,0.0003109480460033652
11032643,0.0003103326122057703
58268904,0.0003098369639780702
50365429,0.0003097388033150687
24188559,0.00030960923304027975
99057555,0.00030959357923938827
78932753,0.00030946838043669086
36721618,0.00030936287549697265
87305903,0.0003086258776261913
18320662,0.0003074089268206351
19735834,0.00030691458525169176
56220418,0.0003065641745794135
66670237,0.00030649423965096697
70311318,0.00030629515728490444
14755626,0.000306220718596884
06405599,0.0003060949078321646
20383274,0.0003059153526860683
23633986,0.0003053358100067188
19069814,0.000305193014571503
28519123,0.00030508928186291065
88431506,0.0003049599717339171
22967243,0.0003048598872093846
25240538,0.0003047328880782074
02291313,0.00030460799263184297
88425685,0.0003045586572912953
90920310,0.00030446495128553456
23082066,0.00030436448601332843
18506295,0.00030412042061207323
24921022,0.000304105887090663
45308542,0.00030390889550580523
79663281,0.00030380775607645623
82049644,0.00030308456843981823
75844390,0.00030293354434813256
48549380,0.00030279537224583834
51240390,0.00030279295484087875
82261855,0.0003027798446462546
56925301,0.00030250811215941776
46053256,0.00030201274171296844
44039425,0.0003019230804189179
74098547,0.0003017830283065265
54224888,0.0003013022707556133
71154728,0.00030087055273147936
75697844,0.0003007711525357612
04358844,0.00030068073395071834
58625141,0.00029986067549434155
66080052,0.0002997833109412917
39846394,0.000299504992691626
70663217,0.0002988613200828713
13584671,0.00029851551407740105
09777160,0.00029808684910893554
82001619,0.00029774044653157756
15120138,0.00029772851125411926
03623368,0.00029690942574448875
46437880,0.00029675590674068894
48052533,0.0002967507139519632
48664073,0.00029650084534802324
05577558,0.0002961784733809726
81086233,0.00029430881611748323
05467520,0.0002942140559171085
98644841,0.0002942140559171085
40025574,0.0002942140559171085
34367458,0.0002939855734980471
21758635,0.00029392025942874523
71584351,0.0002938973934718999
87664094,0.0002936898003467962
60525251,0.0002936625651254615
12853313,0.00029349643258980726
92062683,0.00029339058267326135
62590116,0.0002930698042968231
43556098,0.0002925136822385239
38927523,0.0002918862128429931
82637190,0.0002917694739109517
16145140,0.0002916153209756748
86666968,0.0002911687422182544
85428229,0.0002903796635283948
34302757,0.0002903275384577153
48039576,0.0002900420675892091
40568307,0.00029003920273359827
58958884,0.0002899381769698654
07139704,0.0002893924959887415
82691865,0.0002885023830745057
57352261,0.00028838670522184074
50781244,0.0002882483833379283
26873115,0.0002878030711375365
27888846,0.00028760275596348764
11987807,0.0002875794348113994
75671483,0.00028754512191444924
66646617,0.00028738077924591026
91791016,0.000287311143096302
14272463,0.00028708138047584117
63455878,0.00028653925847367556
48958585,0.00028523817658391356
86042751,0.00028493624250700543
34207997,0.00028484700541299386
02364379,0.0002847329555707008
89684401,0.0002845580168419567
26231116,0.00028415301905881566
09645207,0.00028409136055571103
86111683,0.00028405385560852645
59031183,0.0002840219919475034
56638335,0.0002840029579923803
12319529,0.00028383120499065353
62763896,0.0002830769569498575
67384384,0.00028293656613745193
49122830,0.0002822779430991956
25077844,0.00028191279876219695
07943339,0.0002816767776923195
21279397,0.0002812734560135187
27585385,0.00028114362077788437
67383276,0.00028094487481045063
94493850,0.0002803698032134578
13143820,0.00028022339535269537
80923416,0.00028019891858637597
02371822,0.00027986038736374004
47441757,0.00027976464504246963
43230345,0.0002796409817247711
43771874,0.0002793959174696712
32090684,0.0002791852273635545
10153921,0.0002791852273635545
40207606,0.0002790775937755943
81092228,0.00027901475591434594
75150507,0.0002787723679460893
47197456,0.00027857390659961087
72606434,0.0002785523605096569
90796288,0.0002783918937675111
26774251,0.00027806089114120754
16799389,0.00027782053300891675
41167593,0.00027752000108471333
19528484,0.0002774422508501201
59400795,0.000277200974736609
82597645,0.0002768217324789186
62820518,0.0002765955987437411
73855643,0.00027655151956195085
15827551,0.0002764978243891996
12857658,0.00027617719633012193
81668981,0.00027611598854560747
26723743,0.0002760136736239302
82148149,0.00027591836122313414
33922568,0.0002758670091111446
45026740,0.00027565763601101665
88177216,0.00027556778380315823
20983191,0.0002754622456588257
84558078,0.0002752266213540197
91777888,0.0002749287095739751
09799926,0.00027418056947134937
31752844,0.0002740733278542845
78280826,0.00027368507047135214
22496413,0.000273400667788688
36802758,0.0002733181874385301
24654278,0.00027321084527768505
44986092,0.00027274875746930924
30717680,0.0002722219769616034
00266386,0.0002719483330151408
09287745,0.0002715010890746136
49326714,0.0002714808816092207
14352741,0.00027105731278017156
77409066,0.0002706816174418539
60399479,0.0002705686527225572
43194574,0.0002703662940500589
96878163,0.0002701127983669333
56276496,0.0002700980614701859
89763799,0.00027003781934023335
18638616,0.0002699649068653481
68492341,0.0002695568604548136
47772845,0.0002695047953330012
61030514,0.0002693195346695324
18107384,0.00026897306871648296
78048292,0.00026893506470981486
29054273,0.00026893506470981486
82448004,0.00026893506470981486
79553717,0.00026850379731244514
80420077,0.00026824783551837296
27840427,0.0002681458521801527
40351346,0.0002675810874756068
94150107,0.00026723214709382893
85059529,0.0002667375513072538
57991742,0.00026640312903522176
03349845,0.0002663955301998112
49100622,0.0002656213769825761
41565721,0.0002653303240461646
93825390,0.000264883071025796
89687515,0.0002644257216992432
15863996,0.000264415880181011
54256144,0.00026382945319265667
71027774,0.00026366671783044533
89108263,0.0002633949967761768
90221401,0.00026287946787421587
87831979,0.00026253099456807934
46544581,0.00026230229968376946
95802138,0.0002621708421861257
99738142,0.00026134121065441454
97661999,0.0002612196946478641
67269502,0.00026104588731297554
49651918,0.00026025385328484616
08121995,0.00026020938209889307
51756752,0.0002600917039658584
60568475,0.00025969732218501763
96014947,0.0002596921034344512
37283886,0.0002595365602885782
93010712,0.0002592921377580833
72202796,0.00025910336037841456
94464010,0.00025833827530067315
80325247,0.0002579726657685518
36579236,0.0002579560480592266
90995227,0.00025765278869639674
36498404,0.00025730799980233654
50157276,0.00025713540018028444
44869262,0.00025713540018028444
49304326,0.00025705571211246964
90444343,0.0002569233792227508
00624246,0.00025686900527052106
40733406,0.0002567397028109482
07697785,0.00025651125746322637
12344331,0.00025617225502291125
79949555,0.00025602480468091363
72649099,0.0002559598959503655
54235972,0.0002554696598757453
16697237,0.00025536548742824156
85912492,0.0002544834810366253
97418941,0.000254379893781178
71554102,0.000254379893781178
37507478,0.00025434062074819827
48735668,0.0002536523572202674
84949776,0.0002534845763304549
75558624,0.00025342631900665476
91847370,0.0002533330654394273
69378458,0.0002528786104632214
62140119,0.0002516274927200102
12933796,0.00025117486181458915
51669737,0.0002507937803026205
33210166,0.0002505442113649929
75342938,0.00025009266774773145
64745824,0.0002495692015080634
93574023,0.0002494051382162679
48584534,0.0002493431787692268
47791141,0.000249242859749715
50076919,0.0002491113764841323
68867478,0.0002491113764841322
56262904,0.0002486431390636085
46147475,0.00024861384829780923
72312671,0.0002481862795385594
78996474,0.0002480123549178188
83661958,0.00024794346663762484
99709343,0.0002462833647938294
91932933,0.00024613128860122806
03846308,0.00024612816330252897
11293279,0.00024602144278040785
46980034,0.00024564913288180996
08113496,0.00024543798118984106
92558040,0.0002446535695346324
42265967,0.00024455444053725903
17869455,0.00024437658674995107
08440475,0.0002441166148591551
43276636,0.0002440483506793588
39639203,0.00024367173097582354
95516262,0.0002432510190626762
58041568,0.00024301105355177218
56497480,0.00024259760621868958
41938984,0.00024255194518168168
13464800,0.00024238008513493097
94163340,0.00024227137016279528
63710177,0.00024192799004513994
42517875,0.00024185384839296947
36240852,0.0002415845218772577
59566498,0.0002415725999259762
29105349,0.00024145226385165463
11814629,0.00024131789483205723
51559724,0.00024131289519018333
43988188,0.00024059745581820477
00263504,0.00024043832454819376
21641771,0.00024012536801451325
76722528,0.0002401103527602105
76914678,0.00024003934379461566
04544561,0.00023922238548250294
70955348,0.0002387684473917653
85800775,0.00023873923553497026
73119806,0.00023867475556574595
89263397,0.00023845313218315143
77377958,0.00023833644028293933
38194959,0.00023832157694149704
73363846,0.00023827121313332457
06753320,0.0002374059916792136
03093714,0.0002373975947586584
04910740,0.00023730639920091414
81687878,0.00023706257179562714
30847483,0.00023703214256075292
37312846,0.00023682542705546168
30133868,0.00023655029103984007
62555491,0.00023644209209538103
06994567,0.00023643353741178687
91680799,0.00023617225822375956
12181916,0.00023616305405264483
36886701,0.00023608361844467904
98862559,0.00023554517545678252
61067930,0.0002352699916424403
54774651,0.0002351975083981793
05238328,0.0002350311031329095
66851248,0.00023493007757676893
00640638,0.00023443399531472616
49598905,0.00023441819968622227
20740264,0.00023430174128387206
57684724,0.00023419995694152983
06237899,0.00023415621172033957
51973281,0.0002340240396091803
53034887,0.0002338014670227928
62226063,0.0002338014670227928
05328113,0.0002338014670227928
30464186,0.0002337546767853499
58139830,0.00023364731543648956
83755456,0.00023364048957788
27698926,0.00023357206013574215
95742201,0.00023323215006960528
43286539,0.00023321777144617764
11079419,0.00023314336520498504
54976787,0.00023281026541408995
08134392,0.00023279028214664817
87923108,0.0002326881730478155
54997176,0.000232377643604865
32188314,0.0002317277629479259
54615454,0.0002316905807744112
43793086,0.00023133166130667976
81423862,0.00023090425939414826
59777494,0.00023026032637247772
06680601,0.00023026032637247772
28411454,0.00023017820778968814
24428918,0.00023016612057721536
82198369,0.00023010990290673393
22502470,0.000229975266316102
68168276,0.00022993160253512762
68031013,0.00022980637227035177
61249266,0.0002297338204628152
11963664,0.00022967365434135292
25200050,0.0002295423872597351
49223739,0.00022949433708153042
32090741,0.000229419846783322
81836678,0.00022895014774250308
13917894,0.00022890565992446385
08252511,0.00022878253815344134
08132333,0.00022848761039751341
34891336,0.00022826690544028612
76407524,0.0002282316040415513
30540819,0.00022821767945782693
80659432,0.00022810201768635278
42758911,0.00022808809563920577
90547219,0.00022802149608849173
47621906,0.0002280106161825827
25844409,0.00022768328486546272
76406174,0.000227565293042464
82779767,0.00022724922430219024
38481632,0.00022709953536065883
41470650,0.00022709028854174388
50999611,0.00022695022824510743
18553660,0.000226809143504911
07797009,0.00022673417943388412
48214832,0.00022669174579896921
62797371,0.00022669174579896921
21428652,0.0002266695377205439
21487957,0.00022660302518039672
43821005,0.00022658219905501216
97858334,0.0002265051732965166
95189119,0.0002262989509857497
95032891,0.00022623498217500427
91926853,0.00022588786750001082
93086375,0.00022585900802640546
63312229,0.00022562843024943391
18268880,0.00022557342576934243
35792884,0.0002255002538878363
44279994,0.00022544864906790581
74950518,0.00022543808144147363
50850233,0.00022522139031679603
64740390,0.0002252099549689609
09033984,0.00022519418711549767
71116693,0.00022492934010331589
83760535,0.00022451734016991695
32919428,0.0002242832056946882
40717895,0.0002242832056946882
42436114,0.0002242832056946882
83857387,0.0002242832056946882
86519061,0.0002242832056946882
57699340,0.0002242832056946882
51802868,0.0002242832056946882
69510185,0.00022428198119093701
05142706,0.00022421437200092454
33510667,0.00022416244812312379
04760992,0.00022416244812312379
10061179,0.00022416244812312379
59138523,0.00022416244812312379
99386378,0.00022416244812312379
87660490,0.00022416244812312379
27447117,0.00022416244812312379
32014358,0.00022405138712465307
42897821,0.00022384363213488748
52754276,0.00022348292848200395
71906890,0.0002233578923983698
83367515,0.00022332156862607915
01665597,0.00022311837886727047
13473111,0.00022297570571668272
46068871,0.0002229427590596325
02928019,0.00022285032193469794
58126576,0.00022266613143430688
44915084,0.00022245662577103246
37931483,0.0002223873453865347
73155213,0.00022226923377310977
95445781,0.00022214855120127012
20249763,0.00022193584050409662
45804418,0.00022176819420602548
46779816,0.00022117069394659222
48332250,0.00022112845854329615
12221526,0.00022107234652431925
77144536,0.00022085579491715077
35604925,0.00022055023873542238
52293692,0.00022043589069560204
01065934,0.00022036154905871836
70215592,0.0002198979952854946
27303404,0.000219723041598666
20224360,0.00021961113544152137
84974907,0.00021949530232942538
21727457,0.0002191200793310697
58693371,0.00021910896026645644
28237852,0.0002190538587597651
07254328,0.00021902418497865412
01257030,0.00021902418497865412
95718449,0.00021902418497865412
77521722,0.00021902418497865412
85375928,0.00021902418497865412
35946954,0.00021902418497865412
25432638,0.00021902418497865412
83369484,0.00021902418497865412
54823856,0.0002188954026561762
95735109,0.00021884816171249878
49646636,0.00021864478445903437
78252488,0.0002182550759925769
41328267,0.00021824398331567372
91955754,0.0002179243813290246
29654164,0.00021786105006547384
03425267,0.00021764119824261704
05347597,0.00021721307457786947
30723702,0.0002170718130081263
70190957,0.00021694935542213774
77376880,0.00021673521452414773
98574888,0.00021672498229750233
22958970,0.00021671162882003689
48281263,0.00021670449326920873
04701791,0.00021670356671497026
55753872,0.00021660169366460028
88893076,0.0002164864479769595
09594892,0.00021641233389348166
92842638,0.00021638826646061182
72560126,0.00021625439297394612
76237902,0.00021601585003930954
47333939,0.00021586437701654108
35462940,0.0002154975140990159
04808373,0.00021548176156930835
17375352,0.00021544958884819938
26426311,0.0002149123292506324
40079702,0.00021480775031815637
88778759,0.00021473031443567278
60985078,0.00021469316935987103
78734867,0.00021465105628039324
51994865,0.00021450457304839806
12077969,0.0002143464400814128
73367234,0.00021414551321998667
90867375,0.0002140320563060606
20617126,0.00021403187958307288
14613165,0.00021398033654631708
82358221,0.00021380616607760767
41665321,0.00021378271431523132
42368008,0.00021366004050288543
06938804,0.00021356087127820297
56983284,0.00021354701096640126
17012673,0.00021341064914447377
40311851,0.00021336498451292503
23162504,0.00021304105539527362
10246332,0.00021297905111283
91035761,0.0002128137583568621
96731015,0.00021256006458821017
19057096,0.00021255339838165203
24370611,0.00021226007825604648
62439426,0.00021213910372847275
65381956,0.00021186308748452677
09752511,0.00021172084985688225
83438987,0.00021158920672597925
93462525,0.00021158920672597925
61743847,0.00021153896297692023
45836230,0.00021152403138431115
94024052,0.0002114558597122187
85293637,0.00021135807027025666
83449564,0.00021123058315583723
70758744,0.00021122100506666547
75929809,0.00021104350131215683
52377063,0.00021101273553151986
58056608,0.00021091069099618022
13824164,0.00021077294724511136
03928506,0.00021035939079152522
99673764,0.00021023091712958302
69986806,0.00021020936137241443
97559723,0.00020989403535035664
91116069,0.00020968308727328789
18279250,0.00020968082721909098
81686533,0.00020967429018736253
45288620,0.00020953878232793466
93535122,0.00020942887972811398
52239517,0.00020935613541098286
52630112,0.0002092456737133804
34586009,0.00020923246223425045
88559958,0.0002090878345786683
03149418,0.0002090601255652648
63892155,0.0002090375409154772
19007136,0.00020877176129709474
74821581,0.00020875455098474588
82415339,0.000208673777319729
38010577,0.00020781916915876177
43033671,0.00020781916915876177
89049533,0.0002077078293580623
74739882,0.00020750023408808887
69296593,0.00020731733847294064
47697084,0.0002071422991892647
12443008,0.0002070363218066261
46452495,0.00020688511713045054
33991520,0.00020686144590050933
00957933,0.00020671136981407565
97414180,0.00020665660571682682
56267943,0.00020656057559752884
15864845,0.000206518843136335
11793962,0.00020642705789366986
88417165,0.00020597423359401936
14928820,0.0002059178047681969
56150589,0.00020579310384000765
82153073,0.0002056969126094103
12841897,0.00020551531880227844
22228960,0.00020532375309169652
38644993,0.00020511674270069538
29842700,0.00020509196582541863
07839216,0.00020509196582541863
96639217,0.00020509196582541863
59645380,0.00020509196582541863
80691918,0.00020509196582541863
10115079,0.00020509196582541863
09747289,0.00020509196582541863
64071005,0.00020509196582541863
83707311,0.00020509196582541863
96407390,0.00020509196582541863
45618259,0.00020509196582541863
36169324,0.00020509196582541863
74080055,0.00020509196582541863
77155844,0.00020509196582541863
65161885,0.00020509196582541863
72873249,0.00020509196582541863
19688629,0.00020509196582541863
93937193,0.00020509196582541863
77366742,0.00020509196582541863
37932425,0.00020509196582541863
77855932,0.00020509196582541863
53202786,0.00020509196582541863
00305091,0.00020509196582541863
05926800,0.00020509196582541863
54262525,0.00020509196582541863
81408732,0.00020509196582541863
71301450,0.00020509196582541863
62866936,0.00020509196582541863
95938324,0.00020509196582541863
60978003,0.00020509196582541863
24170544,0.00020509196582541863
96843225,0.00020509196582541863
56677158,0.00020509196582541863
14070123,0.00020509196582541863
18754653,0.00020509196582541863
93092647,0.00020509196582541863
98734364,0.00020509196582541863
63807108,0.00020509196582541863
40514875,0.00020509196582541863
83623110,0.00020509196582541863
08937991,0.00020509196582541863
83474366,0.00020509196582541863
20797984,0.00020491562842212162
04881115,0.00020458700723580416
49233385,0.00020457793702674323
78570193,0.00020457793702674323
19277687,0.00020457793702674323
23302840,0.00020422494347171967
80887735,0.00020397352055473686
04474146,0.0002035769602232019
62337446,0.0002031086702932603
50036547,0.0002027752024981763
09405745,0.00020271705661695504
46790099,0.0002026369735300179
61091567,0.0002023619064931026
74176267,0.00020225539206042805
84064056,0.00020211393463463238
04670623,0.00020208252095967798
49590777,0.00020208252095967798
17183215,0.00020196497408199926
14557393,0.00020178027009903467
58861019,0.000201606012498286
70262490,0.00020159153764341014
59695969,0.00020155371552447904
07045106,0.00020155371552447904
95056573,0.00020155371552447904
15534223,0.00020155371552447904
72721775,0.00020155371552447904
14348272,0.00020132245748797712
89778653,0.00020122171191864076
00466255,0.00020108282984606133
31138545,0.00020080684992021864
49542658,0.0002006913978772891
47109371,0.00020032112579607098
07149882,0.00020025245217329685
81185777,0.00020023003861323866
28675388,0.0002001603533627882
30696820,0.0002000895470484684
73415756,0.00019992628441858472
84846765,0.00019963413641854833
34846255,0.00019961756025914073
43572827,0.00019936714934992014
15026038,0.00019916161244814824
25907176,0.00019893250476491088
46487032,0.00019880526884588181
94455050,0.00019879387595417354
46583257,0.0001985609614828461
53074926,0.0001983124833924605
14502912,0.0001983124833924605
89219246,0.0001983124833924605
45150637,0.0001983124833924605
41797811,0.0001983124833924605
57604014,0.0001983124833924605
90216723,0.0001983124833924605
44407962,0.0001983124833924605
71889828,0.0001983124833924605
76604948,0.0001983124833924605
86488938,0.0001983124833924605
59925286,0.00019820658501444282
95721038,0.0001981859322032677
28125857,0.0001979036887927153
35396388,0.0001978006802685072
95526061,0.00019756187600019587
79502135,0.00019741819666226401
11796714,0.0001973143358139381
99227064,0.00019706417746315438
80852954,0.00019690079176386803
10779877,0.00019683571284635564
47130634,0.0001968130170003243
18010359,0.0001964874793472652
03022015,0.00019600901769568164
53620492,0.00019595122614721262
24109794,0.00019582086852698756
19123250,0.00019573955588015883
22347016,0.00019537664541485406
10113065,0.00019494447643416638
82731577,0.00019494447643416638
82235629,0.00019494447643416638
26874048,0.00019494447643416638
39034881,0.00019494447643416638
17961169,0.00019494447643416638
33175808,0.00019454189272180873
98710186,0.00019448275614689052
26179243,0.000193928033467545
74534565,0.00019383811654082652
85602882,0.00019357747769874477
77912554,0.00019296677199066398
22128238,0.00019214871745388092
60544214,0.00019211031405563225
61588808,0.00019200438988946022
78108672,0.00019146054719945286
78084321,0.00019143005362309368
93320602,0.00019135268844615205
20139426,0.0001910381987937886
35700353,0.00019088101489939623
38222571,0.00019064628613843466
39107148,0.00019045632361269787
72179252,0.00019041052199246316
89096822,0.00018951201268291475
07259374,0.00018908531753281948
44033758,0.00018891123802999138
57186151,0.00018871103882647233
68656428,0.00018831403642859026
06224420,0.00018818102369702199
91650613,0.00018801196286416058
44669800,0.00018794530283656533
59362804,0.00018790755510986477
79150310,0.00018782229559559548
44572736,0.00018777940353270465
71794169,0.00018757422647770478
13836705,0.00018750733762285516
70677444,0.00018715841299196545
95997479,0.00018709880164736006
69603929,0.00018696086642052637
26633153,0.00018692142729802384
26301379,0.00018678128353399537
54861159,0.0001867400955106268
02068123,0.00018650404122150084
02414361,0.000186468006274975
79630532,0.00018640025893874347
38954836,0.00018637786434841564
37610605,0.0001858066820381675
51060249,0.00018570614904474904
27504338,0.00018549769881670268
12483971,0.0001850380361650713
00111573,0.00018486939166458262
58426993,0.00018486295595383987
23277629,0.00018485774892928916
67627742,0.0001847359569075576
46054456,0.00018468499939648558
61421943,0.00018468355188388288
75142955,0.0001846087201575837
92844288,0.00018457163637328105
31678146,0.00018455413773653279
34988966,0.00018436847789850063
37869089,0.00018432691192487284
00103064,0.00018430698814844048
75824714,0.00018405490742601945
52150505,0.00018403856234426564
02593021,0.0001831814424680201
20034932,0.00018308567114987045
36457906,0.00018301655650434994
96010284,0.00018300522158709747
81579910,0.00018296431615077077
48475147,0.00018282294384819217
23154262,0.0001826564312643533
59225302,0.00018259284670668282
84072301,0.0001825383570285125
93265591,0.00018249312779484262
28874772,0.00018161830548795588
30205618,0.00018154925369145432
35080560,0.00018152491020883722
84369391,0.0001811986326400929
69191162,0.00018115609228873416
30412679,0.00018102350441067717
59405206,0.0001808029039440642
54634975,0.0001808029039440642
08607780,0.00018028011444812142
12014477,0.0001799509775370368
27575023,0.00017955427692076606
42007249,0.0001793836205213646
02509412,0.00017931803164829418
63759820,0.0001792863901919688
00469059,0.00017891065825870444
78669130,0.00017864814668797159
43094719,0.00017854277630236415
96184718,0.00017835133801807592
50372270,0.00017833392727063034
55399470,0.00017821534543004274
97733842,0.0001781721628123862
77364256,0.00017803929037669947
20008852,0.0001779127689831053
01676451,0.00017783104486876594
65761754,0.00017758022830639686
46890747,0.0001775660161115539
08448504,0.00017754691859532445
38369882,0.0001772653597928506
01851853,0.00017720555126704918
89515328,0.00017720267013238532
31272891,0.0001771571654711707
58273030,0.00017691145873112898
04480905,0.00017686182798883678
61683796,0.00017670046234570798
02751307,0.00017666257103137148
85473021,0.00017664401789485847
05509006,0.0001765319559168227
57167244,0.000176437552315266
30258300,0.00017628565437635105
35684267,0.00017627855832168498
00350748,0.0001761520843620393
98108055,0.00017610543103320758
38951604,0.0001759747551186071
58613172,0.0001759645404895616
19286140,0.00017590763181457
61620023,0.00017590763181457
21376455,0.0001758625510654234
14367410,0.00017579301546463152
89210261,0.00017535653913437415
47830296,0.00017529889225688519
10738799,0.00017504326255014853
44520837,0.00017493993328010515
25671954,0.0001748923205754494
91865993,0.00017450552370751953
56931127,0.00017443441711487476
21819120,0.00017441856940696645
88898974,0.0001743967763646882
48626963,0.00017417972197343758
66568006,0.0001741099915322459
87954672,0.00017393718416126633
22211758,0.00017384096603736816
37537263,0.0001737211611882803
71374785,0.00017355377263140402
91168189,0.00017350043589053026
62687552,0.0001732036278161303
24208358,0.00017310268941440573
80836645,0.00017264306498376467
58794363,0.00017263459976984662
09285100,0.00017262079491579176
61858051,0.00017248652142767235
31769019,0.00017211871751239612
15773569,0.0001720096493061909
74280228,0.00017180962907790867
31512797,0.00017179477253661241
38324233,0.00017179477253661241
73998097,0.00017179477253661241
05189564,0.0001717772156354004
51901385,0.0001717304215209926
97517899,0.00017160497017881492
58103884,0.0001715836006821922
41309899,0.0001715396252792964
64906779,0.00017148323338445689
60260691,0.00017132459817691286
86424625,0.00017125366895545346
68538943,0.00017117944985421557
78310500,0.000171053533285163
06934559,0.000171053533285163
11645511,0.00017105335695413753
98396140,0.00017100765982934701
47968597,0.00017089105935299146
46166302,0.00017081695386042507
39767542,0.00017080677439583456
81076137,0.00017028980142339613
99983506,0.00017023272615913882
65254210,0.00017005028406478112
07656763,0.00017000472205993866
88173998,0.00016987598403901048
66859773,0.0001698359884919997
26505916,0.00016980709188397255
24494797,0.0001697698473127419
15664215,0.00016974739004505473
67989035,0.00016973174957873437
62583316,0.00016973042740307153
38181399,0.00016964016476804297
94379338,0.00016952380136312103
89431115,0.000169457010410315
84419179,0.00016921307039545063
57688954,0.00016897129771785115
70514776,0.00016883402520329713
30776421,0.00016881092583071448
85762643,0.0001684858199883935
81539093,0.00016847360493077288
48410323,0.00016846229835382236
96890808,0.00016845434485168644
97678212,0.0001684430818009736
70446131,0.0001684430818009736
69592895,0.0001684430818009736
40445786,0.0001684430818009736
11247587,0.0001684430818009736
39204907,0.0001684418164521275
65473539,0.00016832881013405365
70445739,0.00016831696383158484
53151364,0.00016820655937104016
31861956,0.0001680248658387042
12091291,0.0001680051127518486
22887220,0.00016793116188993612
02955467,0.0001678815292718806
19636116,0.00016783456190267202
86000012,0.00016776753949194627
86188328,0.00016769865115545378
39280345,0.0001676433815573565
20385317,0.00016764151533827206
43285613,0.00016752738389529917
78706232,0.0001674515393068938
35716155,0.0001673965917280404
56905745,0.00016739520734774247
82025280,0.00016737684329468268
50120569,0.00016726165617643142
88452228,0.00016725091326244025
94719234,0.00016725091326244025
13913069,0.00016711670658927407
05748434,0.00016705414779173003
72592915,0.00016702128009891254
79587980,0.00016702128009891254
03181630,0.00016700081754866757
59862859,0.00016693717237069417
89472841,0.00016661745825451407
98086458,0.00016656939945739664
55598492,0.000166500656530531
61372598,0.00016636426589263805
69344562,0.0001662921866523938
61634932,0.0001662921866523938
63861668,0.0001662921866523938
32605845,0.0001662921866523938
09971188,0.0001662921866523938
16173737,0.0001662921866523938
20127093,0.0001662921866523938
48297340,0.0001662921866523938
58066340,0.0001662921866523938
37772416,0.0001662921866523938
35402136,0.0001662921866523938
62837617,0.0001662921866523938
72555958,0.0001662921866523938
25689256,0.0001662921866523938
77173448,0.0001662921866523938
39618818,0.0001662921866523938
95941013,0.0001662921866523938
46821124,0.0001662921866523938
72699601,0.0001662921866523938
94581571,0.0001662921866523938
68124593,0.0001662921866523938
04805528,0.0001662921866523938
62126449,0.00016629022455599046
27069657,0.00016626491513462057
05390620,0.00016626491513462057
35795449,0.00016626491513462057
65209635,0.00016626491513462057
96538478,0.00016620572320617664
10990731,0.00016613059769420116
94945846,0.00016610108901451122
51738468,0.00016610108901451122
76591641,0.00016581657964861963
41294154,0.00016571117256632565
42952291,0.00016552059811378447
94232412,0.00016530202801416102
81774314,0.00016524812213080726
65134087,0.00016523218117831242
61712803,0.00016523218117831242
14389832,0.000165211414252661
14795775,0.0001651294613912004
45972222,0.00016501390133047747
79809996,0.00016495161701113336
17124730,0.00016491734375447182
40714718,0.00016472051482356717
59102592,0.00016466637887267596
43440393,0.0001645135634851373
62314089,0.00016448387869051552
42259722,0.00016446945048063976
03169990,0.00016442570856319447
99269739,0.00016427247566770675
27521097,0.00016416536470384782
01672773,0.00016409694067312617
97052623,0.00016400055199731667
56960781,0.0001638609514277791
59547947,0.0001638609514277791
24240946,0.0001638609514277791
87120961,0.0001638609514277791
48553917,0.0001638609514277791
12233357,0.0001638609514277791
19642070,0.0001638609514277791
89742323,0.0001638609514277791
13886419,0.0001638609514277791
40283492,0.0001638609514277791
77523439,0.0001638609514277791
98033001,0.0001638609514277791
31809696,0.0001638609514277791
00898651,0.0001638609514277791
04964961,0.0001638609514277791
26316197,0.0001638609514277791
55075120,0.0001638609514277791
49570642,0.0001638609514277791
37572242,0.0001638609514277791
20425549,0.0001638609514277791
07003282,0.0001638609514277791
32452162,0.0001638609514277791
44505256,0.0001638609514277791
63088872,0.0001638609514277791
33162352,0.0001637302266345069
02536075,0.0001636941874617065
05341538,0.000163533067174534
86977069,0.00016341812006033857
99546057,0.00016337071176978556
14389599,0.00016336715288297802
66949754,0.00016325813745853864
85453095,0.00016325813745853858
05817606,0.00016284868248267015
31522783,0.00016282359224841674
23992670,0.00016257189682995836
98032271,0.00016236871535235263
68891347,0.00016232354219327522
16089010,0.00016215029795796165
20498753,0.0001618315709747295
15993495,0.00016175133242116648
02452395,0.00016172072982024278
33821359,0.00016157008907940527
70598733,0.00016142640237569683
28750663,0.00016138011132049636
13624139,0.0001612896869909969
46321580,0.0001611567679856876
65030124,0.00016111368326882637
15127112,0.00016111368326882637
42220900,0.00016111368326882637
06129848,0.00016111368326882637
56650711,0.00016111368326882637
54728691,0.00016106863683740334
72450250,0.00016101547295141553
97164310,0.00016088914047607071
33930239,0.0001608673864051542
04879731,0.0001608214681722044
20459176,0.00016066689164146564
15097518,0.00016059643670038835
93754625,0.0001605818714987811
14416963,0.00016015447739288976
69306432,0.0001600757485002851
70222936,0.00016006463436905657
95455351,0.0001600311605524111
40557693,0.00015989387126368076
83641203,0.00015969947953473922
23784892,0.0001594855331520988
71756846,0.0001594384518421262
13283419,0.00015940575207157485
34201002,0.00015937427551683336
17362114,0.00015932848155838326
13974173,0.00015929470360498134
02945992,0.00015927123933158528
03016994,0.00015921186324214837
91328636,0.00015918170716576268
04034464,0.00015879955504071076
58214413,0.00015876922452355338
57742806,0.00015872886079640864
54798744,0.00015843710370852917
20758441,0.00015832104901130684
42061176,0.0001583020314434795
20627110,0.00015814017967319307
85621174,0.00015812498078588208
59115904,0.0001580936197047588
80531185,0.0001577866552286913
49688104,0.00015770738055702875
95910049,0.0001574783669819192
46535195,0.00015741077971665314
14002306,0.00015729920337955185
50098591,0.00015729812375080252
81555924,0.0001571084767921672
02327716,0.00015709150452226703
85051584,0.00015707463871017974
32478062,0.00015699021226119947
46723821,0.00015699021226119947
19603315,0.00015695312664856375
02550096,0.00015693167173200855
09228049,0.00015686578924548218
77251617,0.00015681783655656202
99492730,0.00015672544100047564
86101028,0.00015665100730582522
65707590,0.00015662806472932234
59240295,0.0001563619559204684
89587732,0.00015616202978338642
01827475,0.00015607494105021
10836403,0.0001560685714769909
48293449,0.0001559991405999207
92667516,0.00015596126909034298
82155081,0.00015564969490952012
49231911,0.00015500339973872527
75880271,0.00015486396406996685
83798037,0.00015475588766174073
45850643,0.00015469613728886074
04749317,0.00015462567054349763
78498579,0.00015462412629062964
20307366,0.00015461633910697633
76418015,0.00015453245593283096
82709068,0.0001543898788120354
76097189,0.00015413178892017542
06467562,0.00015411268906879037
12024606,0.00015393358117084483
81463229,0.00015389550287991434
91865515,0.0001538033795360817
34053143,0.00015373720350019855
79927396,0.00015368838002952803
63369667,0.0001535693875977756
64225940,0.00015352398960082593
57159038,0.00015352398960082593
84687536,0.00015340320538531946
14916958,0.0001533979758038702
09122903,0.00015320019149994625
10135514,0.00015307340427733957
34728954,0.00015295309402698758
00626076,0.0001528081259383602
34792282,0.00015272536213702462
27293613,0.0001526349987087307
15399713,0.0001525005505813921
00193290,0.0001520772658754484
00035015,0.0001520772658754484
92495146,0.0001519504162137546
48001778,0.00015183833445895945
21771477,0.00015166360353527578
28918002,0.00015165190705585972
34132404,0.0001515765250766488
59644360,0.00015155757743313554
08220179,0.0001515017164546892
53712944,0.00015145032727371374
93304536,0.00015130561418959454
74826879,0.0001512734737576794
88023484,0.00015105235279420736
46661617,0.0001510112143776066
86339354,0.0001509173797531746
53033785,0.00015087659475173965
91333779,0.0001505079188751914
26584123,0.00015047760709843157
43475141,0.00015039057070179298
54363369,0.0001502316467586245
61613100,0.00015007146222994236
17026138,0.0001497643840279423
45864275,0.00014974790614196744
01694663,0.00014973972352275082
19879940,0.00014973042609162603
92833241,0.00014966909260067838
98063899,0.00014964673504240007
29950493,0.00014955748216995222
18605678,0.00014941755493832565
46828510,0.00014934707288187955
77140477,0.00014931536883226826
09958545,0.0001492413709654187
92428117,0.00014915418584930884
52654024,0.0001490987573557046
71234007,0.0001490643093309297
36090470,0.0001490554838284668
10130637,0.0001489699795015738
48111572,0.0001487278890874218
10417337,0.0001486911817226048
16004681,0.00014861545953191412
42149228,0.00014857878605426607
00848890,0.0001485770718069799
77306377,0.00014857674081001542
14399732,0.00014847558685069674
53008921,0.00014836669062393498
58046695,0.00014836669062393498
57495491,0.00014827839729966333
92264261,0.00014802794766425052
01587295,0.00014802218665479106
34019753,0.00014802111343694273
11387954,0.00014797077421763443
32924560,0.00014794148129727462
51191954,0.00014788088278329818
97118298,0.00014787784570836378
04769347,0.00014761914973840482
94256009,0.00014757678073597675
11164235,0.00014757123017252328
85181616,0.00014747503857288292
78950467,0.00014746987632127304
45257798,0.00014744444082930242
05484060,0.00014736449133637602
63383075,0.0001473064892098874
36786268,0.00014649302700958566
51404185,0.0001464645484691154
37016513,0.00014633347314768765
00370027,0.0001462201273360116
17882157,0.00014619443457896295
40053040,0.0001461664562176686
46818529,0.0001461112562927549
01203314,0.0001461080147431487
93576613,0.0001459658636922962
93522553,0.0001459436896280813
89868647,0.0001458831671312389
29262129,0.00014581656003552864
74397603,0.00014580025304601813
11953772,0.00014580025304601813
12185812,0.00014580025304601813
41484655,0.00014580025304601813
35207451,0.00014580025304601813
39896015,0.00014580025304601813
04135154,0.00014580025304601813
36246300,0.00014580025304601813
56369762,0.00014580025304601813
16215817,0.00014580025304601813
13837746,0.00014580025304601813
52974930,0.00014580025304601813
15781729,0.00014580025304601813
67915810,0.00014580025304601813
61821660,0.00014580025304601813
16656885,0.00014580025304601813
89896978,0.00014580025304601813
29801380,0.00014580025304601813
57119572,0.00014580025304601813
37694262,0.00014580025304601813
24659480,0.00014580025304601813
97942672,0.00014580025304601813
99378763,0.00014580025304601813
57664822,0.00014580025304601813
87311850,0.00014580025304601813
94072670,0.00014580025304601813
75976397,0.00014580025304601813
51743384,0.00014580025304601813
69226857,0.00014580025304601813
68631802,0.00014580025304601813
39397673,0.00014580025304601813
68725007,0.00014569081580133368
78930549,0.00014568911088911666
65992413,0.00014559986888199391
79178422,0.00014548990219580526
75910019,0.00014542917778242824
11845815,0.0001452956249691487
26306093,0.00014509544808610336
52213259,0.00014484548005058847
69094027,0.00014481818675343564
12347936,0.00014458976960589874
93816478,0.00014435006519868628
16199740,0.00014423260790522285
65843613,0.00014394024674197815
80237534,0.00014393719856568566
27845001,0.0001436767473441349
23722068,0.00014318446282813056
14095676,0.0001430871707802657
48271476,0.00014307435989363435
23592013,0.00014271132806179811
45097336,0.00014248433117554848
05627571,0.00014236784962319955
80429659,0.00014236651319077964
18642364,0.00014228772339437148
57364793,0.000142283467377153
26985647,0.00014217460185693607
05704315,0.00014209497526113693
42449491,0.0001419013818071396
20195144,0.00014183102060668203
42617600,0.00014169275329307544
78353820,0.00014169275329307544
34468895,0.00014121252220521916
19493799,0.00014114268533615826
71234939,0.00014109810126683924
63593491,0.00014095625936465787
52069162,0.000140835717746196
83588141,0.00014080087864166708
52528886,0.00014071377226016987
69106114,0.00014060898246009182
75997747,0.00014057627496523963
81545852,0.00014027977254078895
69451578,0.00014001800994200317
08669836,0.00014001800994200317
40893877,0.00013995428611109081
98814528,0.00013990083609266942
04922498,0.00013972198747722308
20957665,0.00013967448784051316
03919712,0.00013966644902289435
70597638,0.00013935135587942208
18031023,0.0001391302370689813
84032021,0.0001390784678377366
22867834,0.000138979307425974
88418082,0.00013893499585648062
62084786,0.00013861891822853446
72522666,0.00013858892628614523
68312861,0.00013850863564131326
21478273,0.00013847487938209834
13245425,0.00013823292080969823
73200850,0.0001381878211149541
34435496,0.0001381878211149541
65503151,0.0001381878211149541
92013693,0.0001381878211149541
04774917,0.00013813178916074204
95059499,0.00013799711926855727
29108578,0.00013776432148820223
55008669,0.00013775153231355177
22104703,0.00013752140863868158
13616388,0.00013742244969996227
87685337,0.00013737550226068884
07471528,0.00013725935994502158
28552834,0.00013705205907768903
71097315,0.0001368731942399029
42021261,0.00013668596279045912
28463274,0.0001364964670095833
29143181,0.00013629320978268488
59741765,0.0001362857008927716
95691429,0.00013619206683742347
76162348,0.0001360613912718296
06375532,0.00013580976926893612
73454456,0.00013541438165687439
58498078,0.0001353587786824755
29565758,0.00013527842730448088
84571946,0.00013526812187662578
35578133,0.00013524025716100886
82830668,0.00013507249615257256
36860055,0.00013479115558296921
49811677,0.00013449415410978204
28953932,0.00013436660111141945
75156084,0.00013410167035686908
44978714,0.0001339730569391426
13699372,0.00013301913047114618
14559409,0.00013273161765545833
97303949,0.00013258739450851622
66372248,0.00013254132427135208
64749378,0.00013247112773921151
46026592,0.00013238106342812863
53909481,0.00013235037655017965
36313256,0.0001321441208076329
70398189,0.0001321207297397964
01780524,0.0001319245957179696
92309236,0.00013168045141007844
05664439,0.00013149561417292644
84298725,0.00013119169729710117
60347241,0.00013109972195211558
33073496,0.00013102300946676707
32011043,0.0001307452179316812
75282300,0.00013031631929913027
72204182,0.00013000401870146038
12893547,0.00012997086707400773
58044560,0.00012997086707400773
42439565,0.00012997086707400773
62038540,0.00012997086707400773
15323275,0.00012994551775948624
35078059,0.0001298679181408248
90319644,0.00012974355577003604
79414439,0.0001295106351024778
40633157,0.00012946557495686982
50006562,0.00012946557495686982
61653896,0.00012935551671037343
07240382,0.00012907829636343057
59056359,0.00012904427260584066
01564293,0.0001287822801011405
08538152,0.00012876850394098353
86185350,0.00012859243311943828
76092520,0.00012855233181210935
54230069,0.0001284275711913543
86943128,0.0001283051951192657
36652329,0.00012827150742328336
60685488,0.0001278953837625829
57068038,0.00012787623608874019
48728059,0.00012781101651030682
57084916,0.0001277880746360637
72516801,0.00012761249427862642
72412279,0.00012754652664854146
93019486,0.00012746862024350648
47249341,0.00012746567745290416
34161072,0.00012745401031109135
80041799,0.00012743226409614135
11138662,0.0001273913204448466
37377941,0.00012686951650807572
31696668,0.00012679503177307538
30553348,0.0001266525776269262
11993350,0.00012655130075561733
74101604,0.000126373628661276
21284895,0.00012597266696747964
45924839,0.00012578078802478999
88942793,0.0001257233640092102
29755552,0.00012569057257179946
90649267,0.00012562611770358076
07271486,0.00012558741241640444
53953304,0.00012532808729535418
19966666,0.0001249231391118262
93364801,0.00012458684804390473
39564784,0.00012458278024837647
75468985,0.00012453583205719636
47380309,0.00012453547725960808
62553801,0.00012452034557835904
10209641,0.00012445078611440368
53024708,0.00012437592941190757
71312122,0.00012426691412424577
94706738,0.00012411488730520803
52978066,0.00012399525774309153
70652800,0.00012371056911158682
08694650,0.00012361895401758903
07205250,0.00012355683868265973
14698530,0.0001233958318428782
16830661,0.0001232366705163294
07068231,0.00012273801982938767
19111171,0.000122468324947489
22377890,0.00012210622554233272
95689305,0.00012146655547714829
55483885,0.0001214583779441793
57604623,0.0001214105938529032
29799698,0.00012121734652188593
44431366,0.00012120675872706087
09392105,0.00012097245386022599
44593182,0.00012065350571529389
75866467,0.00012027251002420454
71905515,0.00011983178581745563
34327177,0.00011978047711267383
78551952,0.00011971962363616022
01606746,0.0001196898932118295
07138070,0.0001196453235306142
24785406,0.00011963767472809762
96994414,0.00011951371994421226
83319768,0.00011885780573400206
37894052,0.00011838469489475544
85696260,0.00011838253139938849
55077228,0.0001178472989508437
16734872,0.00011779252230444927
32153650,0.0001173195264112001
36465164,0.0001169681236175594
08660499,0.00011687529676725375
07023757,0.00011657376299463227
04305207,0.00011629927080003541
57163781,0.00011626940598507353
41484962,0.00011622688038405129
97187302,0.00011603598339676765
61102759,0.00011587064200604808
80262571,0.00011579839491538705
53971532,0.00011550474447631867
62431822,0.0001154607834565568
24106264,0.00011492612691878083
85027493,0.00011492438817341458
11891317,0.00011476266485570097
64766493,0.00011468184467778831
40556915,0.00011452736022121554
41137558,0.00011435496565682793
62776198,0.00011433248006156777
83317831,0.00011374130743356264
24926558,0.0001135966892559468
04174752,0.00011358481841506765
46738642,0.00011357858795862652
72485829,0.0001132373115067992
27569196,0.00011319818117330038
42465636,0.00011314296001249139
70328278,0.00011289413570301787
78347340,0.00011286066475649022
86545401,0.00011252964832887247
95712857,0.00011252183676411866
08498295,0.00011250618957384093
76299788,0.00011248641837076606
73761533,0.00011223106042142697
81513704,0.00011223031440102769
82213642,0.00011189863724709226
53166285,0.00011183850215689096
37619835,0.0001117916572012257
02317505,0.00011177079541377716
96697709,0.00011150659420213715
03402100,0.00011137421654914462
36534613,0.0001113719099308649
19967077,0.00011134343829611854
65907064,0.0001111821268998617
12442155,0.00011100063605836832
26277906,0.00011094467961408097
72607651,0.0001108500381022298
08277887,0.00011078932048990341
74069621,0.00011071274458938496
66033249,0.00011055625093757712
97116055,0.00011046166414277078
24775614,0.00011036452690352232
31690231,0.0001102814698952551
74121290,0.00011027515734843955
47998795,0.00011023607233990706
47210035,0.00011021641954839844
48523153,0.00011016913551169106
99182358,0.00011009313068522399
57053759,0.0001098982227704611
57550366,0.00010984280692797165
81755093,0.00010971051070322808
71866529,0.00010969044777681038
77602836,0.00010954491840602517
37076094,0.00010954361093653458
24074311,0.00010952823140619717
07926055,0.00010830081343417289
45966133,0.00010807912086380499
21858601,0.00010803459357289704
10504155,0.00010782570714943195
93439203,0.0001076724042988721
45551345,0.00010758268121290604
72164958,0.00010743456101028555
58423994,0.00010740296667780791
87785619,0.00010734382258614761
91571999,0.00010719445707134712
44040386,0.00010699736900229327
58766775,0.00010664599869624153
33682879,0.000106601020140538
93541411,0.0001065940686375568
46234604,0.00010648862481657566
88448631,0.0001064613221840692
81515772,0.00010641523306181421
55018184,0.00010621049491856509
01711206,0.00010617734221143445
38101422,0.00010610090061279238
64801539,0.00010608933505657457
35220265,0.00010604844452673711
13786993,0.00010592098163751332
86003664,0.00010584264508657715
80518129,0.00010571096898676991
62754740,0.00010557590403285742
79792029,0.00010555748246665584
75539483,0.00010551974608382031
38930971,0.00010550225533150634
99062342,0.00010518442110795242
94611353,0.0001051467376309448
30072745,0.0001050829234573828
58020232,0.00010495096061332676
83566008,0.00010495096061332675
52079162,0.00010487141433221423
92399758,0.00010482098013462479
82775552,0.00010450985905308022
25334243,0.00010447951390959133
85848768,0.00010438475853765822
92731822,0.00010437936009220799
08671246,0.00010423865263500657
79292662,0.00010419276967563609
87109341,0.00010380728293618425
26433854,0.00010379591032518858
73467755,0.00010332272738679508
78623845,0.00010328424662841053
44831934,0.0001031564306314195
09131802,0.00010299894781852564
37511377,0.00010297493906173131
05057776,0.00010296269783669263
60289104,0.00010291601813492939
60681127,0.00010291199448340585
86758071,0.00010287228181650999
42684030,0.00010276771790237683
64377897,0.0001026456347496372
71946841,0.00010251150570533554
20936558,0.00010241329106667734
14178815,0.000102395952187044
45722128,0.00010236182927991644
59137715,0.00010233675970374423
83720866,0.0001022415219262625
73107664,0.0001022246162136191
34737664,0.00010194676802144501
21425869,0.00010174747830711856
61248920,0.00010163533059789884
37988429,0.00010145761226912537
22459286,0.00010140316137023422
73783524,0.00010140165457623832
66671222,0.00010119141466125744
64492513,0.00010117754149688537
42105330,0.00010117520477929647
66693903,0.00010098467187207919
49342418,0.0001007684752641584
39196323,0.00010056087841128598
57088448,0.00010052074656443899
14585265,0.00010040213240988313
47454877,0.00010037026442927182
82422918,0.00010036022768124213
07681579,0.00010035279663978617
84511708,0.00010032214215717666
93247431,0.00010025241414511154
96215458,0.00010013242801357514
36889293,0.00010013025134670646
84184705,0.00010011063483375447
53333997,0.00010008527006930237
40649580,0.00010000379550760312
08220169,9.924951433106503e-05
93952195,9.92201260152033e-05
33439923,9.913467399620178e-05
83400442,9.911948357417462e-05
93657533,9.911624441487669e-05
56123324,9.89627374594343e-05
28649822,9.886275397001585e-05
50094971,9.864825194761164e-05
48692805,9.856871121608326e-05
30687847,9.854737219443035e-05
18333201,9.840608356971433e-05
68072717,9.83995100370264e-05
65960831,9.833274566404129e-05
27831412,9.829603280359271e-05
93760888,9.821331443968617e-05
89750077,9.820100896294233e-05
78761498,9.819252243085903e-05
87288428,9.818867068636459e-05
92288041,9.817385641065982e-05
91517595,9.797553460823852e-05
03758631,9.790450811978895e-05
07163666,9.765534986036988e-05
30174593,9.758437877995161e-05
81735705,9.739545933915359e-05
71952201,9.720473702259992e-05
95109352,9.711344173058558e-05
41316663,9.695026359250682e-05
68886270,9.682481644430143e-05
89130847,9.668990787886487e-05
60844957,9.660944325856878e-05
21159332,9.65791842318493e-05
52649558,9.647556976480593e-05
97675399,9.636692312858555e-05
47526082,9.633618842028065e-05
64720890,9.632412374152145e-05
97083602,9.627667887779187e-05
15846922,9.614643811929931e-05
34658397,9.608813528830072e-05
42731779,9.600491866268852e-05
26680530,9.588161432912544e-05
65988010,9.570055622524714e-05
31596970,9.567386584475126e-05
61363442,9.53836697450112e-05
13807727,9.533697886768478e-05
73683453,9.527257236806481e-05
83159202,9.520150277573829e-05
79608604,9.51726572599352e-05
68255695,9.516070411720464e-05
18557830,9.506508457710094e-05
38955353,9.471082330345088e-05
74826264,9.466517402486528e-05
45597093,9.464641038487981e-05
39982188,9.458699166161293e-05
13619474,9.458304754382216e-05
19437860,9.456280956020687e-05
97745898,9.420648185652183e-05
24589931,9.419716438987417e-05
83133390,9.407258196867627e-05
71805418,9.39776977703515e-05
91637221,9.391405510662946e-05
10000386,9.384677756703891e-05
89047210,9.367215441710445e-05
43524380,9.360826346451442e-05
11904476,9.358167645500463e-05
91435577,9.355769935586727e-05
02340962,9.345192170739621e-05
72474613,9.297325220216968e-05
46331272,9.291408791179633e-05
81580876,9.278883828054685e-05
06760975,9.269557487215973e-05
24232786,9.26772456641324e-05
08450043,9.262809650492686e-05
49436606,9.245657704326327e-05
28031330,9.24409641015198e-05
33620900,9.239916722831623e-05
99054719,9.211858673005319e-05
63220684,9.157529602736556e-05
58931162,9.157529602736556e-05
61200341,9.15513477479484e-05
64060165,9.120658965766748e-05
28535769,9.120463186183445e-05
27456377,9.11371692466196e-05
94431952,9.108795391867547e-05
66120003,9.104503585692376e-05
15548646,9.084256200564171e-05
19883836,9.066361533213734e-05
76582490,9.042199723294244e-05
36478178,9.036136799406302e-05
63170491,9.033454329018497e-05
32696144,9.028066308190555e-05
13786402,9.025333472661079e-05
81957970,9.023281154148827e-05
57915133,8.990704188559814e-05
68454267,8.963218109954961e-05
48390192,8.957378898797515e-05
37542994,8.954964743814961e-05
17262031,8.954964743814961e-05
47039369,8.950562895419483e-05
88222656,8.950084303298177e-05
71833227,8.950084303298177e-05
26987119,8.929510136317207e-05
71667539,8.926946513661151e-05
50341891,8.923141346327691e-05
26009732,8.915616865160575e-05
87700741,8.913943540364401e-05
05106807,8.89821546986572e-05
33188225,8.894072814608981e-05
86034162,8.89386160578851e-05
62453092,8.889996222268698e-05
30385130,8.880056614952468e-05
54477399,8.877395758398652e-05
75685749,8.868645969779555e-05
12536895,8.855291861684904e-05
81470425,8.852879492684423e-05
44511584,8.850598237380506e-05
59878857,8.828198603045743e-05
85288151,8.826895313635473e-05
07221206,8.825410502891269e-05
38056533,8.818631350729464e-05
56674154,8.804312509281044e-05
00121099,8.801057162650095e-05
44259894,8.777367832528806e-05
09316304,8.769398293920058e-05
90809037,8.741449785629898e-05
23627675,8.737171206843388e-05
55687264,8.734545503282878e-05
74712972,8.723045386266273e-05
21671047,8.722311823564854e-05
64914559,8.694156723675262e-05
65631359,8.69097719706301e-05
85907754,8.679790022041552e-05
77535626,8.679264845713023e-05
23026163,8.67735142060842e-05
01411101,8.662344597974601e-05
63475862,8.659157841919948e-05
21042758,8.652429703254186e-05
89153988,8.637113110581643e-05
10240363,8.628420448303673e-05
68267060,8.625996538763081e-05
81044001,8.624137641250055e-05
11196775,8.598772818311663e-05
03167887,8.583451663064699e-05
13161734,8.576151128571846e-05
26699405,8.565417639323759e-05
92452940,8.561372579477359e-05
29004337,8.555655459037358e-05
47076855,8.52496086807063e-05
65233447,8.52496086807063e-05
34161358,8.52496086807063e-05
14683686,8.503619800833476e-05
22395195,8.503249608297729e-05
87513824,8.492104614915565e-05
74273471,8.489888005482608e-05
32747874,8.48369443935926e-05
20234345,8.438988793369412e-05
89225331,8.422619005262707e-05
69511221,8.418565424326183e-05
43547306,8.4062625277572e-05
94834349,8.397723121870865e-05
66207591,8.389473497101431e-05
86907348,8.384817912033678e-05
11415622,8.375042137654806e-05
11406100,8.360785788582026e-05
26690000,8.351283284870593e-05
82539581,8.343463183857557e-05
07477102,8.326715421994653e-05
46046174,8.32360492388858e-05
62432405,8.322558632971285e-05
89846085,8.321624368321628e-05
51388998,8.320809123902567e-05
19474596,8.31307170847821e-05
10320892,8.308479940871829e-05
34536380,8.306535039871619e-05
66828485,8.278335200693086e-05
29403944,8.262294939325671e-05
27334024,8.262294939325671e-05
41876592,8.262294939325671e-05
64319036,8.262294939325671e-05
95459462,8.262294939325671e-05
97014252,8.262294939325671e-05
16161446,8.262294939325671e-05
72200168,8.262294939325671e-05
20598389,8.244166354006377e-05
64432273,8.242802206488364e-05
24239566,8.24128677330455e-05
61340868,8.224029968262446e-05
92574101,8.220307269121761e-05
42567691,8.21638304360705e-05
77790034,8.204994764084489e-05
21561873,8.191796102329758e-05
95507313,8.178688214455664e-05
70380062,8.174463665393332e-05
47863148,8.170987661832128e-05
62993115,8.162283631506543e-05
12107965,8.15727470286531e-05
82646988,8.145557971619905e-05
87326260,8.143138640933958e-05
09173386,8.141042627012474e-05
48917979,8.123292033742335e-05
43847908,8.101359470703376e-05
00418229,8.100184640487558e-05
30285100,8.082351987312633e-05
82088338,8.071040293695684e-05
42132760,8.052868253228621e-05
43967114,8.043064512843588e-05
25272314,8.022991246667757e-05
68776154,8.0173996868332e-05
91361981,7.994477958944094e-05
74763720,7.993096968855688e-05
34467371,7.991184863390986e-05
19336058,7.98606109437634e-05
25000774,7.98360453642906e-05
12441682,7.983412546986243e-05
01622525,7.980084655785599e-05
11350422,7.962911500941213e-05
32064864,7.951557429728276e-05
80290130,7.931620692189363e-05
02007462,7.91224050493896e-05
11853550,7.899587374841975e-05
79024377,7.896513788214113e-05
95631860,7.896005612171531e-05
79589323,7.892669909485253e-05
39832750,7.875794861469086e-05
03320509,7.872765292043043e-05
65035692,7.870018761808052e-05
95870093,7.852212671025331e-05
49165852,7.851871114200654e-05
24815211,7.847535786798092e-05
18750944,7.846933022731489e-05
49213291,7.84514867880691e-05
17163004,7.835664940972445e-05
08627243,7.834714916422973e-05
61165480,7.827383043012747e-05
91545615,7.815791738855084e-05
01204045,7.813419077670397e-05
52886983,7.811575890347258e-05
61648946,7.788154137524758e-05
45536430,7.785501071094806e-05
12734408,7.768210663982918e-05
55595649,7.762132223780024e-05
72899078,7.738009790440001e-05
77079978,7.730825623236477e-05
56199644,7.727598378518864e-05
89431128,7.709697023682924e-05
37138955,7.701127307560488e-05
67875427,7.696135970570326e-05
21799169,7.689362720403494e-05
64284032,7.68288227788109e-05
96644435,7.674279138597505e-05
74387872,7.650087160000234e-05
40413390,7.641287329230063e-05
93766972,7.634314734599213e-05
22745125,7.632732738739741e-05
30198496,7.629975547763785e-05
81261632,7.627671797234701e-05
43572288,7.626325897685018e-05
65482139,7.608567359556293e-05
13378291,7.596780148116941e-05
19464112,7.589359821071168e-05
08298501,7.585899859841123e-05
80974461,7.578252272669895e-05
06947562,7.56995706819974e-05
52391229,7.56525324831896e-05
54290717,7.56507895886878e-05
25837881,7.562528154079096e-05
15777766,7.542886150646381e-05
61818378,7.539658379282614e-05
43096549,7.535676864143848e-05
69548686,7.535676864143848e-05
78271178,7.535676864143848e-05
53413951,7.523766736501481e-05
37186855,7.520048003848234e-05
73206964,7.515935281598426e-05
07261445,7.502115415627664e-05
86224561,7.500703687684013e-05
66843083,7.500064858572696e-05
43395918,7.499629644002345e-05
29955036,7.49088284522056e-05
05268218,7.487601891379296e-05
66028899,7.482067607471168e-05
16238812,7.481701637028083e-05
26034167,7.464228570928791e-05
15946353,7.461266521326743e-05
64771588,7.459523072085853e-05
72440168,7.458508037359244e-05
43666325,7.428328096177589e-05
26481739,7.42556069479856e-05
30181795,7.38763549474945e-05
39339544,7.381019414232162e-05
42882280,7.38049428912069e-05
66430772,7.37326397340642e-05
00774444,7.366986965324796e-05
62955563,7.36344955154046e-05
71303983,7.352885023872436e-05
80475209,7.349939904714295e-05
07755749,7.349710751789063e-05
62618743,7.331777586484924e-05
18834837,7.320677491335162e-05
89125256,7.315008512695625e-05
06249389,7.31292830141138e-05
37285007,7.30721110361691e-05
19204629,7.289713033138719e-05
36317356,7.275005475300769e-05
48768770,7.26485473652282e-05
31643481,7.255254027210145e-05
75284922,7.239426709957248e-05
28186017,7.236347197694419e-05
93083560,7.235379382129138e-05
75589050,7.226867800171555e-05
60197247,7.22001142677059e-05
00738031,7.219590492558116e-05
19633875,7.21352668532409e-05
43898227,7.211203478891162e-05
08647286,7.200095398743695e-05
50361092,7.199598671096237e-05
82098871,7.194887564885994e-05
49680062,7.188962716005637e-05
32585096,7.188420400178632e-05
29983531,7.179871024537719e-05
31086395,7.179497847640558e-05
17868812,7.178454376842576e-05
84276574,7.177749671235605e-05
78410711,7.161410012224258e-05
34257749,7.145907064842794e-05
00727912,7.141583160372069e-05
08079216,7.136368752825029e-05
07141619,7.133987001772554e-05
90475133,7.132536146736872e-05
99104219,7.12914708526232e-05
14665669,7.124076468933917e-05
63903394,7.116056078412865e-05
38660514,7.10794049417765e-05
26503055,7.10794049417765e-05
80349368,7.097293923182454e-05
86924399,7.096067046715762e-05
70853593,7.09175067560833e-05
98047441,7.090130368642283e-05
16682622,7.087186466362997e-05
16176524,7.068699658086439e-05
82358763,7.065297445506909e-05
77108827,7.063202129739086e-05
06796310,7.062421414362828e-05
09407715,7.05552190915735e-05
65306900,7.050827386673457e-05
71820462,7.047178732885794e-05
61794485,7.043588595612677e-05
58928913,7.038827492974892e-05
61101364,7.033194781353596e-05
04549706,7.027252168344653e-05
56515202,7.02546450428915e-05
36586982,7.024286976042251e-05
39886238,7.02042137599935e-05
33477371,7.016024466351967e-05
14605870,7.013654202882624e-05
43902821,6.998141056592401e-05
22310117,6.992902482430743e-05
94239073,6.990287745637432e-05
51278675,6.989795126877588e-05
46982429,6.987897073745927e-05
04740496,6.984551122462304e-05
53257724,6.981273780391826e-05
05593690,6.980592005097417e-05
63829493,6.975130619144746e-05
81023238,6.954240243304521e-05
61701181,6.95176089315279e-05
11292050,6.948394497645338e-05
58251511,6.936569996444362e-05
63774706,6.934218197306245e-05
35350230,6.92391306116269e-05
03583739,6.921883947766456e-05
45356785,6.916901810166218e-05
42432619,6.916901810166218e-05
48841447,6.902715719712369e-05
38848120,6.90170445800949e-05
22508764,6.887909135790924e-05
59631579,6.887333634030885e-05
02459703,6.874345582365686e-05
58921299,6.871552379470961e-05
53156737,6.869440213907362e-05
21896674,6.864880155575188e-05
53013276,6.858484821515006e-05
90027621,6.858316118303918e-05
72382728,6.857286115795862e-05
68074400,6.849684841695608e-05
62807414,6.84377596255588e-05
64869535,6.843770648421604e-05
18240269,6.836760597851984e-05
20180842,6.829293233527228e-05
32290790,6.828695283350497e-05
82707738,6.824153392312e-05
31500678,6.821319360274558e-05
61076239,6.812888631521405e-05
05172023,6.811980092647154e-05
99072700,6.809928015661206e-05
07871725,6.80113572936092e-05
12506368,6.799084477924747e-05
35531359,6.798387883622881e-05
35989074,6.798011965303836e-05
17636696,6.796016077844128e-05
67805344,6.793838176586397e-05
52257820,6.790121801630747e-05
90285578,6.790121801630747e-05
97423833,6.78323591567427e-05
33199732,6.775869364077073e-05
26035076,6.775869364077073e-05
46375530,6.771644921674066e-05
61862273,6.76185100817721e-05
56169094,6.759908216323531e-05
95201547,6.756473140764873e-05
44799959,6.751496870063409e-05
10032095,6.751044057050007e-05
99740263,6.748547999734688e-05
89044114,6.747639666071983e-05
74826741,6.747067812417537e-05
05836187,6.745041547743859e-05
25146968,6.741076727553489e-05
37551706,6.739401943129987e-05
47231179,6.738157596572186e-05
53193800,6.736624736791286e-05
77572025,6.72733229456472e-05
37280698,6.726293305559909e-05
84830701,6.726042115590936e-05
56976284,6.72157508351925e-05
01210108,6.704858630888165e-05
24244181,6.68818387609195e-05
71912169,6.687674728128428e-05
40388259,6.687498447401356e-05
78102842,6.679144105283193e-05
82032735,6.678543779202821e-05
11977426,6.675789500980598e-05
80852002,6.67259887512689e-05
64733140,6.669360915157672e-05
15874359,6.665567977381325e-05
89264917,6.661583298726537e-05
39287498,6.657239494423381e-05
86498038,6.65664507642112e-05
29174966,6.653771885519313e-05
20992385,6.652295871609791e-05
45379614,6.646237740962158e-05
53248648,6.640413329148586e-05
07840400,6.639966039374202e-05
16292120,6.63580790684493e-05
25260351,6.629572765997785e-05
44802993,6.623222451955499e-05
34909598,6.609531400202283e-05
40276929,6.602521724461324e-05
78202186,6.600268768041065e-05
95613501,6.597664941515825e-05
04833140,6.59563689029606e-05
97170097,6.592911757856543e-05
06085338,6.589622928376002e-05
60345219,6.587300024825107e-05
72476047,6.587281852830183e-05
07873056,6.570174735171295e-05
01671860,6.567071226053155e-05
61926289,6.55919547879062e-05
35310202,6.558560264323165e-05
53162088,6.557935597536254e-05
07803581,6.554136923501069e-05
15623213,6.551790629194088e-05
80245274,6.547940571831378e-05
33484623,6.546357452361004e-05
53029341,6.544345506188882e-05
65350417,6.543493813901565e-05
62133731,6.541901989463437e-05
62153331,6.53661513058814e-05
02539420,6.534213092855973e-05
13331447,6.525247410847109e-05
21094654,6.524659217746218e-05
97893882,6.521494214999093e-05
15670085,6.514903134398193e-05
46716652,6.510167183366314e-05
69853828,6.497579922204755e-05
89129630,6.489633509229465e-05
09116761,6.485358087390666e-05
61494634,6.485260372463323e-05
74642658,6.485260372463323e-05
63855586,6.484421742093151e-05
95005644,6.483796467372194e-05
43762791,6.481108335397716e-05
04438462,6.480988226333159e-05
29380345,6.478235776180806e-05
37308898,6.477601677728571e-05
43400978,6.475820264746647e-05
93849740,6.473252020338378e-05
49605785,6.472492791696154e-05
77754354,6.469234591455108e-05
33584952,6.464848393701257e-05
68754588,6.457470429669423e-05
61281138,6.457470429669423e-05
75614741,6.457470429669423e-05
10253828,6.457470429669423e-05
00858122,6.457470429669423e-05
66652477,6.457470429669423e-05
24056581,6.457470429669423e-05
84445976,6.454407649318826e-05
72731768,6.454173608937434e-05
05841886,6.45413555295122e-05
24599807,6.450607470017664e-05
65578051,6.449095946643065e-05
93023322,6.441712885861764e-05
73053659,6.439536479741254e-05
47271461,6.432741068939136e-05
15843380,6.430950459588053e-05
71051662,6.429119612610482e-05
96372706,6.427282179877203e-05
08420397,6.426948984921005e-05
03889431,6.425985914911694e-05
74136390,6.425725676025324e-05
76875357,6.408259707615761e-05
09510008,6.400880042785865e-05
10904430,6.399796539098707e-05
59645269,6.395441211210523e-05
12719668,6.39360844508945e-05
54858317,6.392595352010122e-05
00153532,6.38973967413172e-05
00641009,6.386967238721858e-05
55850222,6.385326913537666e-05
25740689,6.379202877119177e-05
08337355,6.378814034826657e-05
09845612,6.378004218979936e-05
44066037,6.37760553601209e-05
22217666,6.371290278984104e-05
00278432,6.371052647814988e-05
23456371,6.360627757405482e-05
76994474,6.357705272682062e-05
17930299,6.351424593070408e-05
70129833,6.341215927655974e-05
72705375,6.334025082133286e-05
56057219,6.330101803116228e-05
47925451,6.327602810165782e-05
73446793,6.325656573548051e-05
86014924,6.32511347327197e-05
50635089,6.322745309606441e-05
73561290,6.322297669280463e-05
72982517,6.321205528966555e-05
29356572,6.315392266338223e-05
36369801,6.30989913682081e-05
94194337,6.306289059825272e-05
37208392,6.298410886934768e-05
68699025,6.297380642860111e-05
37094113,6.295599635677375e-05
19535210,6.28727501169051e-05
91484437,6.285952644074057e-05
50377321,6.283132006352563e-05
44685470,6.281711801649442e-05
65614745,6.278894668446291e-05
34906477,6.278663885867499e-05
50494435,6.276791950547521e-05
12771826,6.276760020438617e-05
96355544,6.275264503807535e-05
41929098,6.270656148021483e-05
95453673,6.259997149399751e-05
01690695,6.2590164259304e-05
50237279,6.258555104730009e-05
83056314,6.257131596791037e-05
81454807,6.254320330770924e-05
13022181,6.254320330770924e-05
85470667,6.253938165535904e-05
92619832,6.250846131199231e-05
47194615,6.248730014840706e-05
61734351,6.246920285049422e-05
31298917,6.244280066558534e-05
42966887,6.239103392621617e-05
42419952,6.239077061094653e-05
89113141,6.238997217000356e-05
86669939,6.236641994836356e-05
56788666,6.235118793686712e-05
21251841,6.234585171040048e-05
53305285,6.232067899391222e-05
12842371,6.23003616293765e-05
13252288,6.228058987073064e-05
96670012,6.226290272537338e-05
17550795,6.22397381422629e-05
37120690,6.223943732196907e-05
15209148,6.22160433209991e-05
06540985,6.220647379959493e-05
55183620,6.213803332203099e-05
71745034,6.213055361337024e-05
34890233,6.210916394888361e-05
68838949,6.209259227678988e-05
17804106,6.209078356298286e-05
69013708,6.204160517364484e-05
06993790,6.203771099771393e-05
91973242,6.203625676466469e-05
98286175,6.199708754818159e-05
75125604,6.19948384999794e-05
29047298,6.18488452926404e-05
83549965,6.183804165963347e-05
41669388,6.183289835347855e-05
12543509,6.181959977030123e-05
38211003,6.180953513737233e-05
52949602,6.173647771928493e-05
76730733,6.156965677580732e-05
36504371,6.156810715801021e-05
89778410,6.146455925509694e-05
48883932,6.134133168623304e-05
20040017,6.134010201147572e-05
36324769,6.133242801545996e-05
02090636,6.132831839058867e-05
58350219,6.12668555051988e-05
21974063,6.123643475590078e-05
95407208,6.122375982137388e-05
00078166,6.121165373396744e-05
33786816,6.118981946561827e-05
31674979,6.118311142120863e-05
71206626,6.113488625110371e-05
19481151,6.111970869141861e-05
44208330,6.108459817919955e-05
28486173,6.108042672540222e-05
22890555,6.103781162668554e-05
33211618,6.096460480678065e-05
36662155,6.09402038218235e-05
65500957,6.092636430724011e-05
57930682,6.0925162318402795e-05
01721584,6.0860330648562726e-05
93756481,6.085438712311123e-05
30226476,6.0804583743935564e-05
68661066,6.0763060344043436e-05
22519372,6.07514721452752e-05
77573679,6.074656745978469e-05
86673875,6.070673063764733e-05
52522748,6.06796313937747e-05
94372020,6.057210840970859e-05
45833242,6.0561149030183415e-05
80195564,6.053184523769359e-05
12918156,6.050155829654334e-05
74147525,6.049214648674604e-05
28790333,6.0476296381263155e-05
42857253,6.043414107359345e-05
26274546,6.042445194057065e-05
21471810,6.0411497817567315e-05
15634148,6.0353321903470306e-05
98442370,6.035192955175057e-05
17909978,6.0343912786469945e-05
61675535,6.034306766359494e-05
71568112,6.0329535452823815e-05
26383265,6.021704070441274e-05
62831647,6.015179451083121e-05
87921008,6.012579825250713e-05
04361035,6.011469708785086e-05
90651893,6.009473532510377e-05
76357462,6.0074677374388766e-05
79430284,6.003421214120762e-05
38493234,6.0015899453097134e-05
25359589,5.997070162600654e-05
00306573,5.996741425705696e-05
58894954,5.9906283698155725e-05
30788625,5.9804915680720476e-05
78321552,5.979279194972189e-05
82142557,5.972346537406753e-05
19768811,5.9663535589658156e-05
71172337,5.961817162707887e-05
74516291,5.959834390476674e-05
68967678,5.957077292413785e-05
58548594,5.9568848909853535e-05
60318673,5.95533461774155e-05
67798448,5.9549163569021116e-05
27440867,5.945486078965962e-05
41403379,5.944724955818265e-05
43006733,5.9418775753104874e-05
09394091,5.9414255883809866e-05
29268952,5.940400445999551e-05
46504615,5.936169222727794e-05
87771280,5.934678646067857e-05
95682503,5.9315428943654444e-05
81832849,5.931478682002887e-05
27873609,5.924373464363669e-05
54424486,5.924373464363669e-05
50246759,5.924373464363669e-05
05793999,5.924373464363669e-05
61949265,5.924373464363669e-05
98154061,5.920001181874406e-05
52348973,5.9152650698109834e-05
14966487,5.9142947034502885e-05
15284348,5.9135725032003993e-05
07337384,5.91022091183817e-05
22213466,5.909154736603988e-05
92435139,5.8986943323043845e-05
36670072,5.894887765315553e-05
50539470,5.884351198471833e-05
85556192,5.8817516218262014e-05
93308340,5.86916616575563e-05
14895939,5.8659390525031464e-05
14403109,5.863990831419438e-05
07341670,5.863452239608198e-05
37517122,5.862539576176126e-05
96587933,5.861491982409663e-05
46525858,5.857034037777652e-05
30487269,5.857034037777652e-05
36553667,5.8549681490508615e-05
46741138,5.853345271810207e-05
85249276,5.853119122369924e-05
16271352,5.847595658333682e-05
04867880,5.845833826151952e-05
83248720,5.8451342999166884e-05
25199190,5.845099439870559e-05
35084979,5.834524515746262e-05
90677109,5.832098638259904e-05
94588428,5.830433617936556e-05
42176357,5.8250763265912936e-05
25028327,5.821474321387289e-05
33356557,5.818800583516346e-05
11095759,5.818800583516346e-05
54551083,5.818012543734868e-05
51916247,5.816680776474842e-05
34774713,5.815158259155687e-05
55613731,5.8147929084596005e-05
52535980,5.808449542297567e-05
10122983,5.80818830228318e-05
82248782,5.804916720987235e-05
04127412,5.8011860273341154e-05
76862083,5.800804215827934e-05
03810152,5.800655178794036e-05
38636265,5.796527406134079e-05
04624049,5.796364465012805e-05
40555126,5.795141013018553e-05
31734192,5.7937277230278174e-05
36710590,5.793376149311148e-05
66102914,5.79326001474657e-05
40410463,5.792140749136882e-05
65166620,5.787858704169907e-05
94619565,5.787858704169907e-05
48199377,5.787858704169907e-05
57500770,5.783172731535795e-05
04950400,5.783005989388684e-05
69387690,5.7804573394529995e-05
96481375,5.779365763226046e-05
33734179,5.7788203559751076e-05
72643729,5.774102949496469e-05
06190928,5.770142836887791e-05
16037050,5.7696965744404644e-05
66244882,5.766943530888584e-05
62658079,5.7638305796994436e-05
73534688,5.7623961322565436e-05
62298744,5.760398694238015e-05
80092515,5.753892990714375e-05
67590627,5.7521247681331154e-05
33492392,5.7481011685448535e-05
63209422,5.744005229518558e-05
10935480,5.743899856933786e-05
39619514,5.7431051145519893e-05
24573407,5.742235173803832e-05
16210427,5.7412658157801315e-05
79029966,5.73488684203585e-05
78917226,5.733631754350219e-05
01923756,5.732570834696165e-05
78620923,5.732167296440556e-05
02059266,5.729200263906413e-05
46751733,5.728059650339299e-05
39873999,5.7255800317323365e-05
87931592,5.723341746512457e-05
15605808,5.716538977962518e-05
81889699,5.709301026275557e-05
98219235,5.708359680705978e-05
07236467,5.707292029198182e-05
63050727,5.7052282988961585e-05
00074285,5.704432027139693e-05
98417846,5.704125324801362e-05
23825085,5.70275797852465e-05
89923076,5.699128832276161e-05
17806757,5.69489434142124e-05
50318639,5.694446230182141e-05
38303201,5.694189220404878e-05
56202167,5.694169368732552e-05
41957877,5.6938360510548154e-05
17034359,5.693328373281738e-05
79840552,5.689603776126067e-05
79694815,5.6895321265207515e-05
34855613,5.687032507627567e-05
91291264,5.6825385233431315e-05
45608980,5.678847882400575e-05
63546776,5.678847882400575e-05
35902676,5.678847882400575e-05
29512564,5.67605887412173e-05
84812930,5.670035029762585e-05
22466219,5.662068109149261e-05
45190808,5.6575185733285115e-05
46674284,5.656578266518647e-05
79867562,5.654478227578687e-05
97089277,5.651571454343397e-05
41519187,5.640180214238122e-05
06960753,5.637575238809308e-05
73075131,5.634820656628397e-05
81273052,5.6335015588902004e-05
75911515,5.6299167640415016e-05
26356433,5.6263905416915745e-05
94285546,5.625259555214723e-05
61581367,5.6249712182150936e-05
26613119,5.6219520718173026e-05
36323227,5.62132233383521e-05
85672734,5.620207068487086e-05
39112630,5.620207068487086e-05
65593896,5.618481252908063e-05
86181978,5.617194405292969e-05
68905322,5.617194405292969e-05
44547523,5.615335959817499e-05
76729684,5.615335959817499e-05
80849273,5.615335959817499e-05
42609368,5.615211655706748e-05
41057282,5.607687520868464e-05
07017090,5.60191001416453e-05
73173552,5.6008221634137925e-05
14111197,5.5953813902841104e-05
72776787,5.592014729778097e-05
63083378,5.591965583358713e-05
41733654,5.5899069647549834e-05
50765313,5.5879535109834974e-05
98924591,5.5854107376761065e-05
90201002,5.559937653479227e-05
84628364,5.5573582261087074e-05
86079874,5.5573582261087074e-05
19041905,5.5573582261087074e-05
30095194,5.5573582261087074e-05
68237848,5.5573582261087074e-05
39466777,5.557327123362954e-05
73613546,5.55732657011639e-05
00354535,5.5566270819263265e-05
59409238,5.553545706489301e-05
02791784,5.5522120691993334e-05
22039948,5.5519797176126984e-05
67993953,5.5476063489842685e-05
99323737,5.5458891733922926e-05
52785999,5.544315439417884e-05
37182282,5.544260538066808e-05
35388056,5.544046000212306e-05
96335626,5.53496146204063e-05
58429350,5.5344825612393045e-05
00939768,5.5344825612393045e-05
10128000,5.5241805538913604e-05
24369737,5.524006499625467e-05
03915095,5.514363267543802e-05
62465943,5.510805106053139e-05
95892719,5.5107620643594446e-05
63343698,5.5088900018103236e-05
59947201,5.504567814987318e-05
24408638,5.502204040028375e-05
32554733,5.497525556399997e-05
10972504,5.494333401121875e-05
59567540,5.489710104329877e-05
51913674,5.485952945184712e-05
94849166,5.484542932384714e-05
23558777,5.4820508117090626e-05
27540836,5.4752967657335194e-05
33635628,5.472602602445675e-05
49329776,5.471087791585269e-05
10293893,5.470253159875526e-05
94301924,5.46865869368701e-05
96885817,5.4589782711590144e-05
16101620,5.4536273321970594e-05
94377704,5.451334503857771e-05
48320483,5.4352355269563155e-05
79426967,5.434378605182623e-05
92325671,5.4331742438465536e-05
30768236,5.4196585730085556e-05
97242705,5.418316049989928e-05
94490911,5.4136288843016635e-05
05860891,5.411762247440401e-05
23351931,5.4105113261449276e-05
60637900,5.4091189696190546e-05
42767798,5.40147919565803e-05
71464255,5.40147919565803e-05
71590789,5.40147919565803e-05
38684623,5.40147919565803e-05
38662229,5.40147919565803e-05
99993169,5.40147919565803e-05
56582317,5.40147919565803e-05
46446821,5.40147919565803e-05
20368142,5.40147919565803e-05
57632815,5.40147919565803e-05
52580540,5.40147919565803e-05
64350129,5.40147919565803e-05
98063293,5.40147919565803e-05
96197392,5.40147919565803e-05
83953765,5.40147919565803e-05
27778151,5.3970800583660156e-05
23345555,5.3869790383098064e-05
93134694,5.386898652732087e-05
55510721,5.380243573336356e-05
30997938,5.377763963611219e-05
26417868,5.373890148060114e-05
53492692,5.371642686433826e-05
34583482,5.366381410033238e-05
51541209,5.365246540806643e-05
49725049,5.350214553336215e-05
48721542,5.347181898139922e-05
86310621,5.340031277881005e-05
58995393,5.340031277881005e-05
63633517,5.336404985279393e-05
03432778,5.336404985279393e-05
09858461,5.336404985279393e-05
02865350,5.336404985279393e-05
00607399,5.336404985279393e-05
68933817,5.336404985279393e-05
20638224,5.331489752028029e-05
66916351,5.3198348325870556e-05
15741969,5.308999880965742e-05
71404342,5.2979038017307884e-05
61139263,5.285069893147271e-05
59750485,5.264067568478879e-05
17606233,5.261943758223674e-05
98469502,5.259669747585372e-05
66913589,5.259669747585372e-05
52226088,5.2501856130476744e-05
17609546,5.2473969575034664e-05
98049038,5.2450019176557905e-05
24904023,5.222953290541416e-05
71958332,5.222787597671592e-05
16779771,5.2195040405150475e-05
00051163,5.2176324514533494e-05
24286706,5.215408801127663e-05
69960835,5.2096598419201986e-05
87518023,5.2096598419201986e-05
95220888,5.193485715187479e-05
33476997,5.190209342678571e-05
67879173,5.1869218513655644e-05
41276067,5.181226973620635e-05
92847751,5.175479264413448e-05
00207580,5.1741857582670836e-05
96282608,5.1690597313248005e-05
30306544,5.168854049380433e-05
63533487,5.1623631097689e-05
71073564,5.1612692162435847e-05
12114453,5.1459459755881596e-05
75334048,5.1459459755881596e-05
82428579,5.1459459755881596e-05
12246832,5.1459459755881596e-05
33151975,5.1459459755881596e-05
54559463,5.1459459755881596e-05
24847730,5.1459459755881596e-05
09183098,5.1459459755881596e-05
19305027,5.1459459755881596e-05
38160792,5.142849123934199e-05
91858495,5.142849123934199e-05
11473106,5.142849123934199e-05
13022458,5.137144677747116e-05
52338901,5.137144677747116e-05
07373367,5.132083822737045e-05
54651491,5.131907923464283e-05
92962757,5.1271385962464406e-05
41181607,5.108856939852341e-05
25106691,5.108856939852341e-05
36469019,5.0848607614436404e-05
73248238,5.0848607614436404e-05
52573514,5.0848607614436404e-05
65830204,5.0848607614436404e-05
00079920,5.0848607614436404e-05
67152270,5.0848607614436404e-05
18471824,5.0848607614436404e-05
41431788,5.0848607614436404e-05
42901239,5.0848607614436404e-05
48564456,5.0848607614436404e-05
75875217,5.0848607614436404e-05
58595942,5.0848607614436404e-05
92328521,5.0848607614436404e-05
13946319,5.0848607614436404e-05
92559879,5.0848607614436404e-05
26057086,5.0848607614436404e-05
17144084,5.0848607614436404e-05
55368636,5.0848607614436404e-05
51925268,5.0848607614436404e-05
87226623,5.0848607614436404e-05
22647962,5.0848607614436404e-05
23786320,5.0848607614436404e-05
37538086,5.0848607614436404e-05
97405649,5.0848607614436404e-05
19654998,5.0848607614436404e-05
55976340,5.0848607614436404e-05
06934942,5.0848607614436404e-05
42788778,5.0848607614436404e-05
56516674,5.0848607614436404e-05
99894811,5.0848607614436404e-05
76210068,5.0848607614436404e-05
53728559,5.0848607614436404e-05
82889028,5.0848607614436404e-05
57230484,5.0848607614436404e-05
76500823,5.0848607614436404e-05
11304928,5.0848607614436404e-05
37219635,5.0848607614436404e-05
49308147,5.0848607614436404e-05
23627558,5.0848607614436404e-05
56189745,5.0848607614436404e-05
25619812,5.0848607614436404e-05
58650346,5.0848607614436404e-05
44763826,5.0848607614436404e-05
36786227,5.073069106361847e-05
31942006,5.073069106361847e-05
62126347,5.073069106361847e-05
27763451,5.073069106361847e-05
38350803,5.073069106361847e-05
38002740,5.073069106361847e-05
46519035,5.073069106361847e-05
20131919,5.0643233999010526e-05
26108074,5.020297720808842e-05
40160175,4.97124993484667e-05
26887367,4.97124993484667e-05
63815844,4.97124993484667e-05
79838092,4.8987589810581326e-05
